<?xml version="1.0" encoding="UTF-8"?>
<coverage generated="1686380317070" clover="3.2.0">
  <project timestamp="1686380317070" name="All files">
    <metrics statements="343" coveredstatements="343" conditionals="32" coveredconditionals="32" methods="90" coveredmethods="90" elements="465" coveredelements="465" complexity="0" loc="343" ncloc="343" packages="6" files="21" classes="21"/>
    <package name="Assignment9">
      <metrics statements="2" coveredstatements="2" conditionals="0" coveredconditionals="0" methods="1" coveredmethods="1"/>
      <file name="App.js" path="/Users/abhinavsunil/cse118/Assignment9/App.js">
        <metrics statements="2" coveredstatements="2" conditionals="0" coveredconditionals="0" methods="1" coveredmethods="1"/>
        <line num="5" count="2" type="stmt"/>
        <line num="6" count="19" type="stmt"/>
      </file>
    </package>
    <package name="Assignment9.assets">
      <metrics statements="1" coveredstatements="1" conditionals="0" coveredconditionals="0" methods="0" coveredmethods="0"/>
      <file name="UCSCSlugLogo.png" path="/Users/abhinavsunil/cse118/Assignment9/assets/UCSCSlugLogo.png">
        <metrics statements="1" coveredstatements="1" conditionals="0" coveredconditionals="0" methods="0" coveredmethods="0"/>
        <line num="1" count="2" type="stmt"/>
      </file>
    </package>
    <package name="Assignment9.src">
      <metrics statements="13" coveredstatements="13" conditionals="2" coveredconditionals="2" methods="8" coveredmethods="8"/>
      <file name="Main.js" path="/Users/abhinavsunil/cse118/Assignment9/src/Main.js">
        <metrics statements="13" coveredstatements="13" conditionals="2" coveredconditionals="2" methods="8" coveredmethods="8"/>
        <line num="14" count="2" type="stmt"/>
        <line num="17" count="2" type="stmt"/>
        <line num="18" count="198" type="stmt"/>
        <line num="19" count="196" type="cond" truecount="2" falsecount="0"/>
        <line num="20" count="159" type="stmt"/>
        <line num="26" count="228" type="stmt"/>
        <line num="39" count="89" type="stmt"/>
        <line num="52" count="39" type="stmt"/>
        <line num="65" count="1" type="stmt"/>
        <line num="78" count="16" type="stmt"/>
        <line num="91" count="5" type="stmt"/>
        <line num="104" count="14" type="stmt"/>
        <line num="118" count="37" type="stmt"/>
      </file>
    </package>
    <package name="Assignment9.src.Model">
      <metrics statements="79" coveredstatements="79" conditionals="12" coveredconditionals="12" methods="16" coveredmethods="16"/>
      <file name="ViewModel.js" path="/Users/abhinavsunil/cse118/Assignment9/src/Model/ViewModel.js">
        <metrics statements="79" coveredstatements="79" conditionals="12" coveredconditionals="12" methods="16" coveredmethods="16"/>
        <line num="18" count="2" type="stmt"/>
        <line num="20" count="2" type="stmt"/>
        <line num="21" count="237" type="stmt"/>
        <line num="22" count="235" type="stmt"/>
        <line num="23" count="235" type="stmt"/>
        <line num="24" count="235" type="stmt"/>
        <line num="25" count="235" type="stmt"/>
        <line num="26" count="235" type="stmt"/>
        <line num="28" count="235" type="stmt"/>
        <line num="29" count="235" type="stmt"/>
        <line num="30" count="235" type="stmt"/>
        <line num="31" count="235" type="stmt"/>
        <line num="32" count="235" type="stmt"/>
        <line num="33" count="235" type="stmt"/>
        <line num="34" count="235" type="stmt"/>
        <line num="35" count="235" type="stmt"/>
        <line num="36" count="235" type="stmt"/>
        <line num="37" count="235" type="stmt"/>
        <line num="38" count="235" type="stmt"/>
        <line num="39" count="235" type="stmt"/>
        <line num="40" count="235" type="stmt"/>
        <line num="41" count="235" type="stmt"/>
        <line num="45" count="235" type="stmt"/>
        <line num="46" count="4" type="stmt"/>
        <line num="47" count="4" type="stmt"/>
        <line num="52" count="235" type="stmt"/>
        <line num="53" count="1" type="stmt"/>
        <line num="54" count="1" type="stmt"/>
        <line num="59" count="235" type="stmt"/>
        <line num="60" count="2" type="stmt"/>
        <line num="61" count="2" type="stmt"/>
        <line num="63" count="2" type="stmt"/>
        <line num="64" count="2" type="stmt"/>
        <line num="68" count="235" type="stmt"/>
        <line num="69" count="1" type="stmt"/>
        <line num="70" count="1" type="stmt"/>
        <line num="71" count="1" type="stmt"/>
        <line num="75" count="235" type="stmt"/>
        <line num="76" count="1" type="stmt"/>
        <line num="77" count="1" type="stmt"/>
        <line num="78" count="1" type="stmt"/>
        <line num="82" count="235" type="stmt"/>
        <line num="83" count="4" type="stmt"/>
        <line num="84" count="4" type="stmt"/>
        <line num="85" count="4" type="stmt"/>
        <line num="89" count="235" type="stmt"/>
        <line num="90" count="1" type="stmt"/>
        <line num="91" count="1" type="stmt"/>
        <line num="102" count="235" type="stmt"/>
        <line num="104" count="43" type="stmt"/>
        <line num="105" count="43" type="cond" truecount="2" falsecount="0"/>
        <line num="106" count="25" type="stmt"/>
        <line num="107" count="25" type="stmt"/>
        <line num="108" count="25" type="stmt"/>
        <line num="110" count="43" type="stmt"/>
        <line num="113" count="43" type="stmt"/>
        <line num="116" count="235" type="stmt"/>
        <line num="118" count="34" type="stmt"/>
        <line num="119" count="34" type="cond" truecount="2" falsecount="0"/>
        <line num="120" count="16" type="stmt"/>
        <line num="121" count="16" type="stmt"/>
        <line num="123" count="34" type="stmt"/>
        <line num="126" count="34" type="stmt"/>
        <line num="129" count="235" type="stmt"/>
        <line num="133" count="50" type="stmt"/>
        <line num="134" count="50" type="cond" truecount="4" falsecount="0"/>
        <line num="135" count="16" type="stmt"/>
        <line num="136" count="16" type="stmt"/>
        <line num="137" count="16" type="stmt"/>
        <line num="138" count="16" type="stmt"/>
        <line num="142" count="50" type="stmt"/>
        <line num="190" count="235" type="stmt"/>
        <line num="192" count="42" type="stmt"/>
        <line num="193" count="42" type="cond" truecount="4" falsecount="0"/>
        <line num="194" count="8" type="stmt"/>
        <line num="195" count="8" type="stmt"/>
        <line num="196" count="8" type="stmt"/>
        <line num="200" count="42" type="stmt"/>
        <line num="203" count="235" type="stmt"/>
      </file>
    </package>
    <package name="Assignment9.src.Repo">
      <metrics statements="96" coveredstatements="96" conditionals="0" coveredconditionals="0" methods="12" coveredmethods="12"/>
      <file name="ChannelRepo.js" path="/Users/abhinavsunil/cse118/Assignment9/src/Repo/ChannelRepo.js">
        <metrics statements="28" coveredstatements="28" conditionals="0" coveredconditionals="0" methods="3" coveredmethods="3"/>
        <line num="1" count="2" type="stmt"/>
        <line num="2" count="16" type="stmt"/>
        <line num="3" count="16" type="stmt"/>
        <line num="4" count="16" type="stmt"/>
        <line num="5" count="16" type="stmt"/>
        <line num="6" count="16" type="stmt"/>
        <line num="12" count="16" type="stmt"/>
        <line num="17" count="16" type="stmt"/>
        <line num="19" count="16" type="stmt"/>
        <line num="24" count="2" type="stmt"/>
        <line num="25" count="1" type="stmt"/>
        <line num="26" count="1" type="stmt"/>
        <line num="27" count="1" type="stmt"/>
        <line num="33" count="1" type="stmt"/>
        <line num="34" count="1" type="stmt"/>
        <line num="35" count="1" type="stmt"/>
        <line num="41" count="1" type="stmt"/>
        <line num="42" count="1" type="stmt"/>
        <line num="47" count="2" type="stmt"/>
        <line num="48" count="1" type="stmt"/>
        <line num="49" count="1" type="stmt"/>
        <line num="50" count="1" type="stmt"/>
        <line num="51" count="1" type="stmt"/>
        <line num="57" count="1" type="stmt"/>
        <line num="63" count="1" type="stmt"/>
        <line num="64" count="1" type="stmt"/>
        <line num="65" count="1" type="stmt"/>
        <line num="66" count="1" type="stmt"/>
      </file>
      <file name="LoginRepo.js" path="/Users/abhinavsunil/cse118/Assignment9/src/Repo/LoginRepo.js">
        <metrics statements="5" coveredstatements="5" conditionals="0" coveredconditionals="0" methods="1" coveredmethods="1"/>
        <line num="1" count="2" type="stmt"/>
        <line num="2" count="17" type="stmt"/>
        <line num="3" count="17" type="stmt"/>
        <line num="14" count="17" type="stmt"/>
        <line num="15" count="16" type="stmt"/>
      </file>
      <file name="MemberRepo.js" path="/Users/abhinavsunil/cse118/Assignment9/src/Repo/MemberRepo.js">
        <metrics statements="6" coveredstatements="6" conditionals="0" coveredconditionals="0" methods="1" coveredmethods="1"/>
        <line num="1" count="2" type="stmt"/>
        <line num="2" count="16" type="stmt"/>
        <line num="3" count="16" type="stmt"/>
        <line num="9" count="16" type="stmt"/>
        <line num="14" count="16" type="stmt"/>
        <line num="17" count="16" type="stmt"/>
      </file>
      <file name="MessageRepo.js" path="/Users/abhinavsunil/cse118/Assignment9/src/Repo/MessageRepo.js">
        <metrics statements="24" coveredstatements="24" conditionals="0" coveredconditionals="0" methods="3" coveredmethods="3"/>
        <line num="1" count="2" type="stmt"/>
        <line num="2" count="10" type="stmt"/>
        <line num="3" count="10" type="stmt"/>
        <line num="9" count="10" type="stmt"/>
        <line num="14" count="10" type="stmt"/>
        <line num="16" count="10" type="stmt"/>
        <line num="21" count="2" type="stmt"/>
        <line num="22" count="2" type="stmt"/>
        <line num="23" count="2" type="stmt"/>
        <line num="24" count="2" type="stmt"/>
        <line num="30" count="2" type="stmt"/>
        <line num="31" count="2" type="stmt"/>
        <line num="33" count="2" type="stmt"/>
        <line num="39" count="2" type="stmt"/>
        <line num="40" count="2" type="stmt"/>
        <line num="45" count="2" type="stmt"/>
        <line num="46" count="1" type="stmt"/>
        <line num="47" count="1" type="stmt"/>
        <line num="48" count="1" type="stmt"/>
        <line num="54" count="1" type="stmt"/>
        <line num="60" count="1" type="stmt"/>
        <line num="61" count="1" type="stmt"/>
        <line num="62" count="1" type="stmt"/>
        <line num="63" count="1" type="stmt"/>
      </file>
      <file name="WorkspaceRepo.js" path="/Users/abhinavsunil/cse118/Assignment9/src/Repo/WorkspaceRepo.js">
        <metrics statements="33" coveredstatements="33" conditionals="0" coveredconditionals="0" methods="4" coveredmethods="4"/>
        <line num="1" count="2" type="stmt"/>
        <line num="2" count="25" type="stmt"/>
        <line num="3" count="25" type="stmt"/>
        <line num="9" count="25" type="stmt"/>
        <line num="14" count="25" type="stmt"/>
        <line num="15" count="25" type="stmt"/>
        <line num="20" count="2" type="stmt"/>
        <line num="21" count="4" type="stmt"/>
        <line num="22" count="4" type="stmt"/>
        <line num="23" count="4" type="stmt"/>
        <line num="29" count="4" type="stmt"/>
        <line num="30" count="4" type="stmt"/>
        <line num="32" count="4" type="stmt"/>
        <line num="38" count="4" type="stmt"/>
        <line num="39" count="4" type="stmt"/>
        <line num="44" count="2" type="stmt"/>
        <line num="45" count="1" type="stmt"/>
        <line num="46" count="1" type="stmt"/>
        <line num="52" count="1" type="stmt"/>
        <line num="57" count="1" type="stmt"/>
        <line num="58" count="1" type="stmt"/>
        <line num="59" count="1" type="stmt"/>
        <line num="60" count="1" type="stmt"/>
        <line num="65" count="2" type="stmt"/>
        <line num="66" count="4" type="stmt"/>
        <line num="67" count="4" type="stmt"/>
        <line num="68" count="4" type="stmt"/>
        <line num="69" count="4" type="stmt"/>
        <line num="75" count="4" type="stmt"/>
        <line num="81" count="4" type="stmt"/>
        <line num="82" count="4" type="stmt"/>
        <line num="83" count="4" type="stmt"/>
        <line num="84" count="4" type="stmt"/>
      </file>
    </package>
    <package name="Assignment9.src.UI">
      <metrics statements="152" coveredstatements="152" conditionals="18" coveredconditionals="18" methods="53" coveredmethods="53"/>
      <file name="AddChannelView.js" path="/Users/abhinavsunil/cse118/Assignment9/src/UI/AddChannelView.js">
        <metrics statements="13" coveredstatements="13" conditionals="2" coveredconditionals="2" methods="5" coveredmethods="5"/>
        <line num="6" count="2" type="stmt"/>
        <line num="19" count="2" type="stmt"/>
        <line num="21" count="7" type="stmt"/>
        <line num="22" count="7" type="stmt"/>
        <line num="23" count="7" type="stmt"/>
        <line num="24" count="1" type="stmt"/>
        <line num="25" count="1" type="stmt"/>
        <line num="26" count="1" type="stmt"/>
        <line num="27" count="1" type="stmt"/>
        <line num="30" count="7" type="stmt"/>
        <line num="45" count="1" type="stmt"/>
        <line num="51" count="1" type="stmt"/>
        <line num="52" count="1" type="stmt"/>
      </file>
      <file name="AddMessageView.js" path="/Users/abhinavsunil/cse118/Assignment9/src/UI/AddMessageView.js">
        <metrics statements="12" coveredstatements="12" conditionals="0" coveredconditionals="0" methods="4" coveredmethods="4"/>
        <line num="6" count="2" type="stmt"/>
        <line num="19" count="2" type="stmt"/>
        <line num="21" count="16" type="stmt"/>
        <line num="22" count="16" type="stmt"/>
        <line num="23" count="16" type="stmt"/>
        <line num="24" count="2" type="stmt"/>
        <line num="25" count="2" type="stmt"/>
        <line num="26" count="2" type="stmt"/>
        <line num="27" count="2" type="stmt"/>
        <line num="30" count="16" type="stmt"/>
        <line num="45" count="2" type="stmt"/>
        <line num="50" count="1" type="stmt"/>
      </file>
      <file name="AddWorkspaceView.js" path="/Users/abhinavsunil/cse118/Assignment9/src/UI/AddWorkspaceView.js">
        <metrics statements="13" coveredstatements="13" conditionals="2" coveredconditionals="2" methods="5" coveredmethods="5"/>
        <line num="6" count="2" type="stmt"/>
        <line num="19" count="2" type="stmt"/>
        <line num="21" count="24" type="stmt"/>
        <line num="22" count="24" type="stmt"/>
        <line num="23" count="24" type="stmt"/>
        <line num="24" count="4" type="stmt"/>
        <line num="25" count="4" type="stmt"/>
        <line num="26" count="4" type="stmt"/>
        <line num="27" count="4" type="stmt"/>
        <line num="30" count="24" type="stmt"/>
        <line num="45" count="4" type="stmt"/>
        <line num="51" count="1" type="stmt"/>
        <line num="52" count="1" type="stmt"/>
      </file>
      <file name="ChannelCard.js" path="/Users/abhinavsunil/cse118/Assignment9/src/UI/ChannelCard.js">
        <metrics statements="16" coveredstatements="16" conditionals="4" coveredconditionals="4" methods="5" coveredmethods="5"/>
        <line num="14" count="2" type="stmt"/>
        <line num="44" count="2" type="stmt"/>
        <line num="46" count="94" type="stmt"/>
        <line num="48" count="94" type="stmt"/>
        <line num="50" count="94" type="stmt"/>
        <line num="51" count="94" type="stmt"/>
        <line num="53" count="94" type="stmt"/>
        <line num="55" count="94" type="stmt"/>
        <line num="56" count="94" type="cond" truecount="2" falsecount="0"/>
        <line num="57" count="86" type="stmt"/>
        <line num="64" count="1" type="stmt"/>
        <line num="65" count="1" type="stmt"/>
        <line num="72" count="8" type="stmt"/>
        <line num="75" count="94" type="stmt"/>
        <line num="81" count="7" type="stmt"/>
        <line num="85" count="7" type="stmt"/>
      </file>
      <file name="ChannelList.js" path="/Users/abhinavsunil/cse118/Assignment9/src/UI/ChannelList.js">
        <metrics statements="13" coveredstatements="13" conditionals="2" coveredconditionals="2" methods="6" coveredmethods="6"/>
        <line num="15" count="2" type="stmt"/>
        <line num="32" count="2" type="stmt"/>
        <line num="33" count="62" type="stmt"/>
        <line num="34" count="62" type="stmt"/>
        <line num="35" count="11" type="stmt"/>
        <line num="36" count="99" type="cond" truecount="2" falsecount="0"/>
        <line num="37" count="83" type="stmt"/>
        <line num="46" count="3" type="stmt"/>
        <line num="52" count="16" type="stmt"/>
        <line num="55" count="11" type="stmt"/>
        <line num="60" count="62" type="stmt"/>
        <line num="64" count="94" type="stmt"/>
        <line num="66" count="94" type="stmt"/>
      </file>
      <file name="LoginView.js" path="/Users/abhinavsunil/cse118/Assignment9/src/UI/LoginView.js">
        <metrics statements="13" coveredstatements="13" conditionals="0" coveredconditionals="0" methods="3" coveredmethods="3"/>
        <line num="6" count="2" type="stmt"/>
        <line num="7" count="87" type="stmt"/>
        <line num="8" count="87" type="stmt"/>
        <line num="10" count="87" type="stmt"/>
        <line num="12" count="87" type="stmt"/>
        <line num="13" count="17" type="stmt"/>
        <line num="14" count="17" type="stmt"/>
        <line num="15" count="16" type="stmt"/>
        <line num="16" count="16" type="stmt"/>
        <line num="20" count="1" type="stmt"/>
        <line num="25" count="87" type="stmt"/>
        <line num="55" count="17" type="stmt"/>
        <line num="62" count="2" type="stmt"/>
      </file>
      <file name="MessageCard.js" path="/Users/abhinavsunil/cse118/Assignment9/src/UI/MessageCard.js">
        <metrics statements="19" coveredstatements="19" conditionals="4" coveredconditionals="4" methods="5" coveredmethods="5"/>
        <line num="15" count="2" type="stmt"/>
        <line num="34" count="2" type="stmt"/>
        <line num="42" count="24" type="stmt"/>
        <line num="43" count="24" type="stmt"/>
        <line num="52" count="24" type="stmt"/>
        <line num="53" count="504" type="stmt"/>
        <line num="55" count="24" type="stmt"/>
        <line num="57" count="24" type="stmt"/>
        <line num="59" count="24" type="stmt"/>
        <line num="63" count="24" type="stmt"/>
        <line num="65" count="24" type="stmt"/>
        <line num="66" count="24" type="cond" truecount="4" falsecount="0"/>
        <line num="67" count="15" type="stmt"/>
        <line num="73" count="1" type="stmt"/>
        <line num="78" count="9" type="stmt"/>
        <line num="81" count="24" type="stmt"/>
        <line num="86" count="1" type="stmt"/>
        <line num="87" count="1" type="stmt"/>
        <line num="88" count="1" type="stmt"/>
      </file>
      <file name="MessageList.js" path="/Users/abhinavsunil/cse118/Assignment9/src/UI/MessageList.js">
        <metrics statements="11" coveredstatements="11" conditionals="0" coveredconditionals="0" methods="6" coveredmethods="6"/>
        <line num="15" count="2" type="stmt"/>
        <line num="33" count="2" type="stmt"/>
        <line num="34" count="35" type="stmt"/>
        <line num="35" count="35" type="stmt"/>
        <line num="36" count="7" type="stmt"/>
        <line num="37" count="43" type="stmt"/>
        <line num="46" count="4" type="stmt"/>
        <line num="53" count="7" type="stmt"/>
        <line num="58" count="35" type="stmt"/>
        <line num="62" count="24" type="stmt"/>
        <line num="64" count="24" type="stmt"/>
      </file>
      <file name="MessageView.js" path="/Users/abhinavsunil/cse118/Assignment9/src/UI/MessageView.js">
        <metrics statements="4" coveredstatements="4" conditionals="0" coveredconditionals="0" methods="1" coveredmethods="1"/>
        <line num="14" count="2" type="stmt"/>
        <line num="25" count="2" type="stmt"/>
        <line num="26" count="1" type="stmt"/>
        <line num="27" count="1" type="stmt"/>
      </file>
      <file name="SelectedMessage.js" path="/Users/abhinavsunil/cse118/Assignment9/src/UI/SelectedMessage.js">
        <metrics statements="6" coveredstatements="6" conditionals="0" coveredconditionals="0" methods="1" coveredmethods="1"/>
        <line num="11" count="2" type="stmt"/>
        <line num="27" count="2" type="stmt"/>
        <line num="28" count="1" type="stmt"/>
        <line num="37" count="1" type="stmt"/>
        <line num="39" count="1" type="stmt"/>
        <line num="43" count="1" type="stmt"/>
      </file>
      <file name="WorkspaceCard.js" path="/Users/abhinavsunil/cse118/Assignment9/src/UI/WorkspaceCard.js">
        <metrics statements="19" coveredstatements="19" conditionals="4" coveredconditionals="4" methods="4" coveredmethods="4"/>
        <line num="14" count="2" type="stmt"/>
        <line num="44" count="2" type="stmt"/>
        <line num="46" count="374" type="stmt"/>
        <line num="48" count="374" type="stmt"/>
        <line num="53" count="374" type="stmt"/>
        <line num="55" count="374" type="stmt"/>
        <line num="57" count="374" type="stmt"/>
        <line num="58" count="374" type="cond" truecount="4" falsecount="0"/>
        <line num="59" count="139" type="stmt"/>
        <line num="66" count="4" type="stmt"/>
        <line num="67" count="4" type="stmt"/>
        <line num="68" count="4" type="stmt"/>
        <line num="69" count="4" type="stmt"/>
        <line num="75" count="235" type="stmt"/>
        <line num="78" count="374" type="stmt"/>
        <line num="83" count="11" type="stmt"/>
        <line num="84" count="11" type="stmt"/>
        <line num="85" count="11" type="stmt"/>
        <line num="86" count="11" type="stmt"/>
      </file>
      <file name="WorkspaceList.js" path="/Users/abhinavsunil/cse118/Assignment9/src/UI/WorkspaceList.js">
        <metrics statements="13" coveredstatements="13" conditionals="0" coveredconditionals="0" methods="8" coveredmethods="8"/>
        <line num="16" count="2" type="stmt"/>
        <line num="27" count="2" type="stmt"/>
        <line num="29" count="162" type="stmt"/>
        <line num="30" count="162" type="stmt"/>
        <line num="31" count="16" type="stmt"/>
        <line num="32" count="193" type="stmt"/>
        <line num="41" count="1" type="stmt"/>
        <line num="50" count="6" type="stmt"/>
        <line num="59" count="1" type="stmt"/>
        <line num="66" count="16" type="stmt"/>
        <line num="71" count="162" type="stmt"/>
        <line num="75" count="374" type="stmt"/>
        <line num="77" count="374" type="stmt"/>
      </file>
    </package>
  </project>
</coverage>
