{"/Users/abhinavsunil/cse118/Assignment9/App.js": {"path":"/Users/abhinavsunil/cse118/Assignment9/App.js","statementMap":{"0":{"start":{"line":5,"column":12},"end":{"line":11,"column":1}},"1":{"start":{"line":6,"column":2},"end":{"line":10,"column":4}}},"fnMap":{"0":{"name":"(anonymous_0)","decl":{"start":{"line":5,"column":12},"end":{"line":5,"column":13}},"loc":{"start":{"line":5,"column":18},"end":{"line":11,"column":1}},"line":5}},"branchMap":{},"s":{"0":2,"1":19},"f":{"0":19},"b":{},"_coverageSchema":"1a1c01bbd47fc00a2c39e90264f33305004495a9","hash":"931296f817991e3daae2940cd982a75326e8d401"}
,"/Users/abhinavsunil/cse118/Assignment9/assets/UCSCSlugLogo.png": {"path":"/Users/abhinavsunil/cse118/Assignment9/assets/UCSCSlugLogo.png","statementMap":{"0":{"start":{"line":1,"column":0},"end":{"line":4,"column":6}}},"fnMap":{},"branchMap":{},"s":{"0":2},"f":{},"b":{},"_coverageSchema":"1a1c01bbd47fc00a2c39e90264f33305004495a9","hash":"1e2656f4e3598f104f018f8e27665b8f88576510"}
,"/Users/abhinavsunil/cse118/Assignment9/src/Main.js": {"path":"/Users/abhinavsunil/cse118/Assignment9/src/Main.js","statementMap":{"0":{"start":{"line":14,"column":14},"end":{"line":14,"column":36}},"1":{"start":{"line":17,"column":13},"end":{"line":126,"column":1}},"2":{"start":{"line":18,"column":19},"end":{"line":18,"column":54}},"3":{"start":{"line":19,"column":2},"end":{"line":125,"column":3}},"4":{"start":{"line":20,"column":4},"end":{"line":116,"column":6}},"5":{"start":{"line":26,"column":35},"end":{"line":34,"column":13}},"6":{"start":{"line":39,"column":35},"end":{"line":47,"column":13}},"7":{"start":{"line":52,"column":35},"end":{"line":60,"column":13}},"8":{"start":{"line":65,"column":35},"end":{"line":73,"column":13}},"9":{"start":{"line":78,"column":35},"end":{"line":86,"column":13}},"10":{"start":{"line":91,"column":35},"end":{"line":99,"column":13}},"11":{"start":{"line":104,"column":35},"end":{"line":112,"column":13}},"12":{"start":{"line":118,"column":4},"end":{"line":124,"column":6}}},"fnMap":{"0":{"name":"(anonymous_0)","decl":{"start":{"line":17,"column":13},"end":{"line":17,"column":14}},"loc":{"start":{"line":17,"column":19},"end":{"line":126,"column":1}},"line":17},"1":{"name":"(anonymous_1)","decl":{"start":{"line":26,"column":21},"end":{"line":26,"column":22}},"loc":{"start":{"line":26,"column":35},"end":{"line":34,"column":13}},"line":26},"2":{"name":"(anonymous_2)","decl":{"start":{"line":39,"column":21},"end":{"line":39,"column":22}},"loc":{"start":{"line":39,"column":35},"end":{"line":47,"column":13}},"line":39},"3":{"name":"(anonymous_3)","decl":{"start":{"line":52,"column":21},"end":{"line":52,"column":22}},"loc":{"start":{"line":52,"column":35},"end":{"line":60,"column":13}},"line":52},"4":{"name":"(anonymous_4)","decl":{"start":{"line":65,"column":21},"end":{"line":65,"column":22}},"loc":{"start":{"line":65,"column":35},"end":{"line":73,"column":13}},"line":65},"5":{"name":"(anonymous_5)","decl":{"start":{"line":78,"column":21},"end":{"line":78,"column":22}},"loc":{"start":{"line":78,"column":35},"end":{"line":86,"column":13}},"line":78},"6":{"name":"(anonymous_6)","decl":{"start":{"line":91,"column":21},"end":{"line":91,"column":22}},"loc":{"start":{"line":91,"column":35},"end":{"line":99,"column":13}},"line":91},"7":{"name":"(anonymous_7)","decl":{"start":{"line":104,"column":21},"end":{"line":104,"column":22}},"loc":{"start":{"line":104,"column":35},"end":{"line":112,"column":13}},"line":104}},"branchMap":{"0":{"loc":{"start":{"line":19,"column":2},"end":{"line":125,"column":3}},"type":"if","locations":[{"start":{"line":19,"column":2},"end":{"line":125,"column":3}},{"start":{"line":117,"column":9},"end":{"line":125,"column":3}}],"line":19}},"s":{"0":2,"1":2,"2":198,"3":196,"4":159,"5":228,"6":89,"7":39,"8":1,"9":16,"10":5,"11":14,"12":37},"f":{"0":198,"1":228,"2":89,"3":39,"4":1,"5":16,"6":5,"7":14},"b":{"0":[159,37]},"_coverageSchema":"1a1c01bbd47fc00a2c39e90264f33305004495a9","hash":"74297e0d9d4b00055e55489de6d727be31eddbb8"}
,"/Users/abhinavsunil/cse118/Assignment9/src/Model/ViewModel.js": {"path":"/Users/abhinavsunil/cse118/Assignment9/src/Model/ViewModel.js","statementMap":{"0":{"start":{"line":18,"column":33},"end":{"line":18,"column":54}},"1":{"start":{"line":20,"column":18},"end":{"line":252,"column":1}},"2":{"start":{"line":21,"column":38},"end":{"line":21,"column":56}},"3":{"start":{"line":22,"column":36},"end":{"line":22,"column":52}},"4":{"start":{"line":23,"column":34},"end":{"line":23,"column":52}},"5":{"start":{"line":24,"column":32},"end":{"line":24,"column":48}},"6":{"start":{"line":25,"column":34},"end":{"line":25,"column":52}},"7":{"start":{"line":26,"column":32},"end":{"line":26,"column":48}},"8":{"start":{"line":28,"column":30},"end":{"line":28,"column":50}},"9":{"start":{"line":29,"column":32},"end":{"line":29,"column":50}},"10":{"start":{"line":30,"column":40},"end":{"line":30,"column":58}},"11":{"start":{"line":31,"column":42},"end":{"line":31,"column":58}},"12":{"start":{"line":32,"column":38},"end":{"line":32,"column":54}},"13":{"start":{"line":33,"column":38},"end":{"line":33,"column":54}},"14":{"start":{"line":34,"column":44},"end":{"line":34,"column":60}},"15":{"start":{"line":35,"column":44},"end":{"line":35,"column":60}},"16":{"start":{"line":36,"column":48},"end":{"line":36,"column":64}},"17":{"start":{"line":37,"column":38},"end":{"line":37,"column":54}},"18":{"start":{"line":38,"column":34},"end":{"line":38,"column":54}},"19":{"start":{"line":39,"column":50},"end":{"line":39,"column":70}},"20":{"start":{"line":40,"column":50},"end":{"line":40,"column":68}},"21":{"start":{"line":41,"column":38},"end":{"line":41,"column":56}},"22":{"start":{"line":45,"column":26},"end":{"line":50,"column":3}},"23":{"start":{"line":46,"column":19},"end":{"line":46,"column":64}},"24":{"start":{"line":47,"column":4},"end":{"line":47,"column":30}},"25":{"start":{"line":52,"column":24},"end":{"line":57,"column":3}},"26":{"start":{"line":53,"column":19},"end":{"line":53,"column":76}},"27":{"start":{"line":54,"column":4},"end":{"line":54,"column":28}},"28":{"start":{"line":59,"column":24},"end":{"line":66,"column":3}},"29":{"start":{"line":60,"column":19},"end":{"line":60,"column":74}},"30":{"start":{"line":61,"column":4},"end":{"line":61,"column":28}},"31":{"start":{"line":63,"column":19},"end":{"line":63,"column":69}},"32":{"start":{"line":64,"column":4},"end":{"line":64,"column":26}},"33":{"start":{"line":68,"column":25},"end":{"line":73,"column":3}},"34":{"start":{"line":69,"column":19},"end":{"line":69,"column":63}},"35":{"start":{"line":70,"column":4},"end":{"line":70,"column":31}},"36":{"start":{"line":71,"column":4},"end":{"line":71,"column":26}},"37":{"start":{"line":75,"column":25},"end":{"line":80,"column":3}},"38":{"start":{"line":76,"column":19},"end":{"line":76,"column":63}},"39":{"start":{"line":77,"column":4},"end":{"line":77,"column":31}},"40":{"start":{"line":78,"column":4},"end":{"line":78,"column":26}},"41":{"start":{"line":82,"column":27},"end":{"line":87,"column":3}},"42":{"start":{"line":83,"column":19},"end":{"line":83,"column":65}},"43":{"start":{"line":84,"column":4},"end":{"line":84,"column":33}},"44":{"start":{"line":85,"column":4},"end":{"line":85,"column":26}},"45":{"start":{"line":89,"column":20},"end":{"line":92,"column":3}},"46":{"start":{"line":90,"column":19},"end":{"line":90,"column":50}},"47":{"start":{"line":91,"column":4},"end":{"line":91,"column":28}},"48":{"start":{"line":102,"column":2},"end":{"line":114,"column":58}},"49":{"start":{"line":104,"column":22},"end":{"line":111,"column":5}},"50":{"start":{"line":105,"column":6},"end":{"line":109,"column":7}},"51":{"start":{"line":106,"column":8},"end":{"line":106,"column":26}},"52":{"start":{"line":107,"column":25},"end":{"line":107,"column":65}},"53":{"start":{"line":108,"column":8},"end":{"line":108,"column":34}},"54":{"start":{"line":110,"column":6},"end":{"line":110,"column":25}},"55":{"start":{"line":113,"column":4},"end":{"line":113,"column":16}},"56":{"start":{"line":116,"column":2},"end":{"line":127,"column":15}},"57":{"start":{"line":118,"column":22},"end":{"line":124,"column":5}},"58":{"start":{"line":119,"column":6},"end":{"line":122,"column":7}},"59":{"start":{"line":120,"column":20},"end":{"line":120,"column":57}},"60":{"start":{"line":121,"column":8},"end":{"line":121,"column":26}},"61":{"start":{"line":123,"column":6},"end":{"line":123,"column":25}},"62":{"start":{"line":126,"column":4},"end":{"line":126,"column":16}},"63":{"start":{"line":129,"column":2},"end":{"line":143,"column":80}},"64":{"start":{"line":133,"column":22},"end":{"line":140,"column":5}},"65":{"start":{"line":134,"column":6},"end":{"line":139,"column":7}},"66":{"start":{"line":135,"column":8},"end":{"line":135,"column":24}},"67":{"start":{"line":136,"column":23},"end":{"line":136,"column":75}},"68":{"start":{"line":137,"column":8},"end":{"line":137,"column":30}},"69":{"start":{"line":138,"column":8},"end":{"line":138,"column":30}},"70":{"start":{"line":142,"column":4},"end":{"line":142,"column":16}},"71":{"start":{"line":190,"column":2},"end":{"line":201,"column":39}},"72":{"start":{"line":192,"column":22},"end":{"line":198,"column":5}},"73":{"start":{"line":193,"column":6},"end":{"line":197,"column":7}},"74":{"start":{"line":194,"column":8},"end":{"line":194,"column":24}},"75":{"start":{"line":195,"column":23},"end":{"line":195,"column":73}},"76":{"start":{"line":196,"column":8},"end":{"line":196,"column":30}},"77":{"start":{"line":200,"column":4},"end":{"line":200,"column":16}},"78":{"start":{"line":203,"column":2},"end":{"line":251,"column":4}}},"fnMap":{"0":{"name":"(anonymous_0)","decl":{"start":{"line":20,"column":18},"end":{"line":20,"column":19}},"loc":{"start":{"line":20,"column":27},"end":{"line":252,"column":1}},"line":20},"1":{"name":"(anonymous_1)","decl":{"start":{"line":45,"column":26},"end":{"line":45,"column":27}},"loc":{"start":{"line":45,"column":40},"end":{"line":50,"column":3}},"line":45},"2":{"name":"(anonymous_2)","decl":{"start":{"line":52,"column":24},"end":{"line":52,"column":25}},"loc":{"start":{"line":52,"column":38},"end":{"line":57,"column":3}},"line":52},"3":{"name":"(anonymous_3)","decl":{"start":{"line":59,"column":24},"end":{"line":59,"column":25}},"loc":{"start":{"line":59,"column":38},"end":{"line":66,"column":3}},"line":59},"4":{"name":"(anonymous_4)","decl":{"start":{"line":68,"column":25},"end":{"line":68,"column":26}},"loc":{"start":{"line":68,"column":37},"end":{"line":73,"column":3}},"line":68},"5":{"name":"(anonymous_5)","decl":{"start":{"line":75,"column":25},"end":{"line":75,"column":26}},"loc":{"start":{"line":75,"column":37},"end":{"line":80,"column":3}},"line":75},"6":{"name":"(anonymous_6)","decl":{"start":{"line":82,"column":27},"end":{"line":82,"column":28}},"loc":{"start":{"line":82,"column":39},"end":{"line":87,"column":3}},"line":82},"7":{"name":"(anonymous_7)","decl":{"start":{"line":89,"column":20},"end":{"line":89,"column":21}},"loc":{"start":{"line":89,"column":32},"end":{"line":92,"column":3}},"line":89},"8":{"name":"(anonymous_8)","decl":{"start":{"line":102,"column":18},"end":{"line":102,"column":19}},"loc":{"start":{"line":102,"column":24},"end":{"line":114,"column":3}},"line":102},"9":{"name":"(anonymous_9)","decl":{"start":{"line":104,"column":22},"end":{"line":104,"column":23}},"loc":{"start":{"line":104,"column":34},"end":{"line":111,"column":5}},"line":104},"10":{"name":"(anonymous_10)","decl":{"start":{"line":116,"column":18},"end":{"line":116,"column":19}},"loc":{"start":{"line":116,"column":24},"end":{"line":127,"column":3}},"line":116},"11":{"name":"(anonymous_11)","decl":{"start":{"line":118,"column":22},"end":{"line":118,"column":23}},"loc":{"start":{"line":118,"column":34},"end":{"line":124,"column":5}},"line":118},"12":{"name":"(anonymous_12)","decl":{"start":{"line":129,"column":18},"end":{"line":129,"column":19}},"loc":{"start":{"line":129,"column":24},"end":{"line":143,"column":3}},"line":129},"13":{"name":"(anonymous_13)","decl":{"start":{"line":133,"column":22},"end":{"line":133,"column":23}},"loc":{"start":{"line":133,"column":34},"end":{"line":140,"column":5}},"line":133},"14":{"name":"(anonymous_14)","decl":{"start":{"line":190,"column":18},"end":{"line":190,"column":19}},"loc":{"start":{"line":190,"column":24},"end":{"line":201,"column":3}},"line":190},"15":{"name":"(anonymous_15)","decl":{"start":{"line":192,"column":22},"end":{"line":192,"column":23}},"loc":{"start":{"line":192,"column":34},"end":{"line":198,"column":5}},"line":192}},"branchMap":{"0":{"loc":{"start":{"line":105,"column":6},"end":{"line":109,"column":7}},"type":"if","locations":[{"start":{"line":105,"column":6},"end":{"line":109,"column":7}},{"start":{},"end":{}}],"line":105},"1":{"loc":{"start":{"line":119,"column":6},"end":{"line":122,"column":7}},"type":"if","locations":[{"start":{"line":119,"column":6},"end":{"line":122,"column":7}},{"start":{},"end":{}}],"line":119},"2":{"loc":{"start":{"line":134,"column":6},"end":{"line":139,"column":7}},"type":"if","locations":[{"start":{"line":134,"column":6},"end":{"line":139,"column":7}},{"start":{},"end":{}}],"line":134},"3":{"loc":{"start":{"line":134,"column":10},"end":{"line":134,"column":29}},"type":"binary-expr","locations":[{"start":{"line":134,"column":10},"end":{"line":134,"column":19}},{"start":{"line":134,"column":23},"end":{"line":134,"column":29}}],"line":134},"4":{"loc":{"start":{"line":193,"column":6},"end":{"line":197,"column":7}},"type":"if","locations":[{"start":{"line":193,"column":6},"end":{"line":197,"column":7}},{"start":{},"end":{}}],"line":193},"5":{"loc":{"start":{"line":193,"column":10},"end":{"line":193,"column":27}},"type":"binary-expr","locations":[{"start":{"line":193,"column":10},"end":{"line":193,"column":17}},{"start":{"line":193,"column":21},"end":{"line":193,"column":27}}],"line":193}},"s":{"0":2,"1":2,"2":237,"3":235,"4":235,"5":235,"6":235,"7":235,"8":235,"9":235,"10":235,"11":235,"12":235,"13":235,"14":235,"15":235,"16":235,"17":235,"18":235,"19":235,"20":235,"21":235,"22":235,"23":4,"24":4,"25":235,"26":1,"27":1,"28":235,"29":2,"30":2,"31":2,"32":2,"33":235,"34":1,"35":1,"36":1,"37":235,"38":1,"39":1,"40":1,"41":235,"42":4,"43":4,"44":4,"45":235,"46":1,"47":1,"48":235,"49":43,"50":43,"51":25,"52":25,"53":25,"54":43,"55":43,"56":235,"57":34,"58":34,"59":16,"60":16,"61":34,"62":34,"63":235,"64":50,"65":50,"66":16,"67":16,"68":16,"69":16,"70":50,"71":235,"72":42,"73":42,"74":8,"75":8,"76":8,"77":42,"78":235},"f":{"0":237,"1":4,"2":1,"3":2,"4":1,"5":1,"6":4,"7":1,"8":43,"9":43,"10":34,"11":34,"12":50,"13":50,"14":42,"15":42},"b":{"0":[25,18],"1":[16,18],"2":[16,34],"3":[50,16],"4":[8,34],"5":[42,8]},"_coverageSchema":"1a1c01bbd47fc00a2c39e90264f33305004495a9","hash":"18303a4b66df730f66c0d6c00ef94e1021017209"}
,"/Users/abhinavsunil/cse118/Assignment9/src/Repo/ChannelRepo.js": {"path":"/Users/abhinavsunil/cse118/Assignment9/src/Repo/ChannelRepo.js","statementMap":{"0":{"start":{"line":1,"column":13},"end":{"line":20,"column":1}},"1":{"start":{"line":2,"column":2},"end":{"line":2,"column":20}},"2":{"start":{"line":3,"column":2},"end":{"line":3,"column":18}},"3":{"start":{"line":4,"column":14},"end":{"line":4,"column":65}},"4":{"start":{"line":5,"column":2},"end":{"line":5,"column":19}},"5":{"start":{"line":6,"column":18},"end":{"line":10,"column":3}},"6":{"start":{"line":12,"column":19},"end":{"line":15,"column":4}},"7":{"start":{"line":17,"column":15},"end":{"line":17,"column":36}},"8":{"start":{"line":19,"column":2},"end":{"line":19,"column":14}},"9":{"start":{"line":24,"column":12},"end":{"line":43,"column":1}},"10":{"start":{"line":25,"column":2},"end":{"line":25,"column":32}},"11":{"start":{"line":26,"column":14},"end":{"line":26,"column":65}},"12":{"start":{"line":27,"column":18},"end":{"line":31,"column":3}},"13":{"start":{"line":33,"column":15},"end":{"line":33,"column":21}},"14":{"start":{"line":34,"column":19},"end":{"line":34,"column":39}},"15":{"start":{"line":35,"column":19},"end":{"line":39,"column":4}},"16":{"start":{"line":41,"column":23},"end":{"line":41,"column":44}},"17":{"start":{"line":42,"column":2},"end":{"line":42,"column":22}},"18":{"start":{"line":47,"column":15},"end":{"line":67,"column":1}},"19":{"start":{"line":48,"column":2},"end":{"line":48,"column":34}},"20":{"start":{"line":49,"column":2},"end":{"line":49,"column":20}},"21":{"start":{"line":50,"column":14},"end":{"line":50,"column":55}},"22":{"start":{"line":51,"column":18},"end":{"line":55,"column":3}},"23":{"start":{"line":57,"column":19},"end":{"line":60,"column":4}},"24":{"start":{"line":63,"column":2},"end":{"line":63,"column":22}},"25":{"start":{"line":64,"column":23},"end":{"line":64,"column":37}},"26":{"start":{"line":65,"column":2},"end":{"line":65,"column":28}},"27":{"start":{"line":66,"column":2},"end":{"line":66,"column":22}}},"fnMap":{"0":{"name":"(anonymous_0)","decl":{"start":{"line":1,"column":13},"end":{"line":1,"column":14}},"loc":{"start":{"line":1,"column":33},"end":{"line":20,"column":1}},"line":1},"1":{"name":"(anonymous_1)","decl":{"start":{"line":24,"column":12},"end":{"line":24,"column":13}},"loc":{"start":{"line":24,"column":38},"end":{"line":43,"column":1}},"line":24},"2":{"name":"(anonymous_2)","decl":{"start":{"line":47,"column":15},"end":{"line":47,"column":16}},"loc":{"start":{"line":47,"column":35},"end":{"line":67,"column":1}},"line":47}},"branchMap":{},"s":{"0":2,"1":16,"2":16,"3":16,"4":16,"5":16,"6":16,"7":16,"8":16,"9":2,"10":1,"11":1,"12":1,"13":1,"14":1,"15":1,"16":1,"17":1,"18":2,"19":1,"20":1,"21":1,"22":1,"23":1,"24":1,"25":1,"26":1,"27":1},"f":{"0":16,"1":1,"2":1},"b":{},"_coverageSchema":"1a1c01bbd47fc00a2c39e90264f33305004495a9","hash":"19d3998ae8057cfb1af6a4e1e4f6d5fa836d6bbe"}
,"/Users/abhinavsunil/cse118/Assignment9/src/Repo/LoginRepo.js": {"path":"/Users/abhinavsunil/cse118/Assignment9/src/Repo/LoginRepo.js","statementMap":{"0":{"start":{"line":1,"column":21},"end":{"line":16,"column":1}},"1":{"start":{"line":2,"column":2},"end":{"line":2,"column":25}},"2":{"start":{"line":3,"column":19},"end":{"line":13,"column":4}},"3":{"start":{"line":14,"column":15},"end":{"line":14,"column":36}},"4":{"start":{"line":15,"column":2},"end":{"line":15,"column":14}}},"fnMap":{"0":{"name":"(anonymous_0)","decl":{"start":{"line":1,"column":21},"end":{"line":1,"column":22}},"loc":{"start":{"line":1,"column":51},"end":{"line":16,"column":1}},"line":1}},"branchMap":{},"s":{"0":2,"1":17,"2":17,"3":17,"4":16},"f":{"0":17},"b":{},"_coverageSchema":"1a1c01bbd47fc00a2c39e90264f33305004495a9","hash":"3662d18006ca85c7fcacf1aa7846bf2a91e1379c"}
,"/Users/abhinavsunil/cse118/Assignment9/src/Repo/MemberRepo.js": {"path":"/Users/abhinavsunil/cse118/Assignment9/src/Repo/MemberRepo.js","statementMap":{"0":{"start":{"line":1,"column":13},"end":{"line":18,"column":1}},"1":{"start":{"line":2,"column":14},"end":{"line":2,"column":48}},"2":{"start":{"line":3,"column":18},"end":{"line":7,"column":3}},"3":{"start":{"line":9,"column":19},"end":{"line":12,"column":4}},"4":{"start":{"line":14,"column":15},"end":{"line":14,"column":36}},"5":{"start":{"line":17,"column":2},"end":{"line":17,"column":14}}},"fnMap":{"0":{"name":"(anonymous_0)","decl":{"start":{"line":1,"column":13},"end":{"line":1,"column":14}},"loc":{"start":{"line":1,"column":33},"end":{"line":18,"column":1}},"line":1}},"branchMap":{},"s":{"0":2,"1":16,"2":16,"3":16,"4":16,"5":16},"f":{"0":16},"b":{},"_coverageSchema":"1a1c01bbd47fc00a2c39e90264f33305004495a9","hash":"81f3abaac190668cfddf874f96b19455be0ec188"}
,"/Users/abhinavsunil/cse118/Assignment9/src/Repo/MessageRepo.js": {"path":"/Users/abhinavsunil/cse118/Assignment9/src/Repo/MessageRepo.js","statementMap":{"0":{"start":{"line":1,"column":13},"end":{"line":17,"column":1}},"1":{"start":{"line":2,"column":14},"end":{"line":2,"column":63}},"2":{"start":{"line":3,"column":18},"end":{"line":7,"column":3}},"3":{"start":{"line":9,"column":19},"end":{"line":12,"column":4}},"4":{"start":{"line":14,"column":15},"end":{"line":14,"column":36}},"5":{"start":{"line":16,"column":2},"end":{"line":16,"column":14}},"6":{"start":{"line":21,"column":12},"end":{"line":41,"column":1}},"7":{"start":{"line":22,"column":2},"end":{"line":22,"column":32}},"8":{"start":{"line":23,"column":14},"end":{"line":23,"column":63}},"9":{"start":{"line":24,"column":18},"end":{"line":28,"column":3}},"10":{"start":{"line":30,"column":15},"end":{"line":30,"column":24}},"11":{"start":{"line":31,"column":19},"end":{"line":31,"column":39}},"12":{"start":{"line":33,"column":19},"end":{"line":37,"column":4}},"13":{"start":{"line":39,"column":23},"end":{"line":39,"column":44}},"14":{"start":{"line":40,"column":2},"end":{"line":40,"column":22}},"15":{"start":{"line":45,"column":15},"end":{"line":64,"column":1}},"16":{"start":{"line":46,"column":2},"end":{"line":46,"column":34}},"17":{"start":{"line":47,"column":14},"end":{"line":47,"column":55}},"18":{"start":{"line":48,"column":18},"end":{"line":52,"column":3}},"19":{"start":{"line":54,"column":19},"end":{"line":57,"column":4}},"20":{"start":{"line":60,"column":2},"end":{"line":60,"column":22}},"21":{"start":{"line":61,"column":23},"end":{"line":61,"column":37}},"22":{"start":{"line":62,"column":2},"end":{"line":62,"column":28}},"23":{"start":{"line":63,"column":2},"end":{"line":63,"column":22}}},"fnMap":{"0":{"name":"(anonymous_0)","decl":{"start":{"line":1,"column":13},"end":{"line":1,"column":14}},"loc":{"start":{"line":1,"column":33},"end":{"line":17,"column":1}},"line":1},"1":{"name":"(anonymous_1)","decl":{"start":{"line":21,"column":12},"end":{"line":21,"column":13}},"loc":{"start":{"line":21,"column":41},"end":{"line":41,"column":1}},"line":21},"2":{"name":"(anonymous_2)","decl":{"start":{"line":45,"column":15},"end":{"line":45,"column":16}},"loc":{"start":{"line":45,"column":35},"end":{"line":64,"column":1}},"line":45}},"branchMap":{},"s":{"0":2,"1":10,"2":10,"3":10,"4":10,"5":10,"6":2,"7":2,"8":2,"9":2,"10":2,"11":2,"12":2,"13":2,"14":2,"15":2,"16":1,"17":1,"18":1,"19":1,"20":1,"21":1,"22":1,"23":1},"f":{"0":10,"1":2,"2":1},"b":{},"_coverageSchema":"1a1c01bbd47fc00a2c39e90264f33305004495a9","hash":"fe1604cb960d4de65cb7c3e5382ec302fc601988"}
,"/Users/abhinavsunil/cse118/Assignment9/src/Repo/WorkspaceRepo.js": {"path":"/Users/abhinavsunil/cse118/Assignment9/src/Repo/WorkspaceRepo.js","statementMap":{"0":{"start":{"line":1,"column":13},"end":{"line":16,"column":1}},"1":{"start":{"line":2,"column":14},"end":{"line":2,"column":51}},"2":{"start":{"line":3,"column":18},"end":{"line":7,"column":3}},"3":{"start":{"line":9,"column":19},"end":{"line":12,"column":4}},"4":{"start":{"line":14,"column":15},"end":{"line":14,"column":36}},"5":{"start":{"line":15,"column":2},"end":{"line":15,"column":14}},"6":{"start":{"line":20,"column":12},"end":{"line":40,"column":1}},"7":{"start":{"line":21,"column":2},"end":{"line":21,"column":34}},"8":{"start":{"line":22,"column":14},"end":{"line":22,"column":51}},"9":{"start":{"line":23,"column":18},"end":{"line":27,"column":3}},"10":{"start":{"line":29,"column":15},"end":{"line":29,"column":21}},"11":{"start":{"line":30,"column":19},"end":{"line":30,"column":39}},"12":{"start":{"line":32,"column":19},"end":{"line":36,"column":4}},"13":{"start":{"line":38,"column":23},"end":{"line":38,"column":44}},"14":{"start":{"line":39,"column":2},"end":{"line":39,"column":22}},"15":{"start":{"line":44,"column":14},"end":{"line":61,"column":1}},"16":{"start":{"line":45,"column":14},"end":{"line":45,"column":47}},"17":{"start":{"line":46,"column":18},"end":{"line":50,"column":3}},"18":{"start":{"line":52,"column":19},"end":{"line":55,"column":4}},"19":{"start":{"line":57,"column":23},"end":{"line":57,"column":37}},"20":{"start":{"line":58,"column":2},"end":{"line":58,"column":26}},"21":{"start":{"line":59,"column":2},"end":{"line":59,"column":24}},"22":{"start":{"line":60,"column":2},"end":{"line":60,"column":22}},"23":{"start":{"line":65,"column":15},"end":{"line":85,"column":1}},"24":{"start":{"line":66,"column":2},"end":{"line":66,"column":36}},"25":{"start":{"line":67,"column":2},"end":{"line":67,"column":20}},"26":{"start":{"line":68,"column":14},"end":{"line":68,"column":57}},"27":{"start":{"line":69,"column":18},"end":{"line":73,"column":3}},"28":{"start":{"line":75,"column":19},"end":{"line":78,"column":4}},"29":{"start":{"line":81,"column":2},"end":{"line":81,"column":22}},"30":{"start":{"line":82,"column":23},"end":{"line":82,"column":37}},"31":{"start":{"line":83,"column":2},"end":{"line":83,"column":28}},"32":{"start":{"line":84,"column":2},"end":{"line":84,"column":22}}},"fnMap":{"0":{"name":"(anonymous_0)","decl":{"start":{"line":1,"column":13},"end":{"line":1,"column":14}},"loc":{"start":{"line":1,"column":27},"end":{"line":16,"column":1}},"line":1},"1":{"name":"(anonymous_1)","decl":{"start":{"line":20,"column":12},"end":{"line":20,"column":13}},"loc":{"start":{"line":20,"column":34},"end":{"line":40,"column":1}},"line":20},"2":{"name":"(anonymous_2)","decl":{"start":{"line":44,"column":14},"end":{"line":44,"column":15}},"loc":{"start":{"line":44,"column":28},"end":{"line":61,"column":1}},"line":44},"3":{"name":"(anonymous_3)","decl":{"start":{"line":65,"column":15},"end":{"line":65,"column":16}},"loc":{"start":{"line":65,"column":35},"end":{"line":85,"column":1}},"line":65}},"branchMap":{},"s":{"0":2,"1":25,"2":25,"3":25,"4":25,"5":25,"6":2,"7":4,"8":4,"9":4,"10":4,"11":4,"12":4,"13":4,"14":4,"15":2,"16":1,"17":1,"18":1,"19":1,"20":1,"21":1,"22":1,"23":2,"24":4,"25":4,"26":4,"27":4,"28":4,"29":4,"30":4,"31":4,"32":4},"f":{"0":25,"1":4,"2":1,"3":4},"b":{},"_coverageSchema":"1a1c01bbd47fc00a2c39e90264f33305004495a9","hash":"b1fd3c221e5558bf3d41e399b5534a16f64fc771"}
,"/Users/abhinavsunil/cse118/Assignment9/src/UI/AddChannelView.js": {"path":"/Users/abhinavsunil/cse118/Assignment9/src/UI/AddChannelView.js","statementMap":{"0":{"start":{"line":6,"column":15},"end":{"line":17,"column":2}},"1":{"start":{"line":19,"column":23},"end":{"line":58,"column":1}},"2":{"start":{"line":21,"column":26},"end":{"line":21,"column":38}},"3":{"start":{"line":22,"column":37},"end":{"line":22,"column":72}},"4":{"start":{"line":23,"column":21},"end":{"line":28,"column":3}},"5":{"start":{"line":24,"column":4},"end":{"line":24,"column":24}},"6":{"start":{"line":25,"column":4},"end":{"line":25,"column":29}},"7":{"start":{"line":26,"column":4},"end":{"line":26,"column":37}},"8":{"start":{"line":27,"column":4},"end":{"line":27,"column":62}},"9":{"start":{"line":30,"column":2},"end":{"line":57,"column":4}},"10":{"start":{"line":45,"column":23},"end":{"line":45,"column":39}},"11":{"start":{"line":51,"column":10},"end":{"line":53,"column":16}},"12":{"start":{"line":52,"column":12},"end":{"line":52,"column":70}}},"fnMap":{"0":{"name":"(anonymous_0)","decl":{"start":{"line":19,"column":23},"end":{"line":19,"column":24}},"loc":{"start":{"line":19,"column":41},"end":{"line":58,"column":1}},"line":19},"1":{"name":"(anonymous_1)","decl":{"start":{"line":23,"column":21},"end":{"line":23,"column":22}},"loc":{"start":{"line":23,"column":42},"end":{"line":28,"column":3}},"line":23},"2":{"name":"(anonymous_2)","decl":{"start":{"line":45,"column":17},"end":{"line":45,"column":18}},"loc":{"start":{"line":45,"column":23},"end":{"line":45,"column":39}},"line":45},"3":{"name":"(anonymous_3)","decl":{"start":{"line":50,"column":17},"end":{"line":50,"column":18}},"loc":{"start":{"line":51,"column":10},"end":{"line":53,"column":16}},"line":51},"4":{"name":"(anonymous_4)","decl":{"start":{"line":51,"column":21},"end":{"line":51,"column":22}},"loc":{"start":{"line":51,"column":27},"end":{"line":53,"column":11}},"line":51}},"branchMap":{"0":{"loc":{"start":{"line":46,"column":18},"end":{"line":46,"column":53}},"type":"binary-expr","locations":[{"start":{"line":46,"column":18},"end":{"line":46,"column":33}},{"start":{"line":46,"column":37},"end":{"line":46,"column":53}}],"line":46}},"s":{"0":2,"1":2,"2":7,"3":7,"4":7,"5":1,"6":1,"7":1,"8":1,"9":7,"10":1,"11":1,"12":1},"f":{"0":7,"1":1,"2":1,"3":1,"4":1},"b":{"0":[7,3]},"_coverageSchema":"1a1c01bbd47fc00a2c39e90264f33305004495a9","hash":"bbe01e688bd46add376f40c9f5a4d6fc7cbbe1f3"}
,"/Users/abhinavsunil/cse118/Assignment9/src/UI/AddMessageView.js": {"path":"/Users/abhinavsunil/cse118/Assignment9/src/UI/AddMessageView.js","statementMap":{"0":{"start":{"line":6,"column":15},"end":{"line":17,"column":2}},"1":{"start":{"line":19,"column":23},"end":{"line":54,"column":1}},"2":{"start":{"line":21,"column":32},"end":{"line":21,"column":44}},"3":{"start":{"line":22,"column":35},"end":{"line":22,"column":70}},"4":{"start":{"line":23,"column":21},"end":{"line":28,"column":3}},"5":{"start":{"line":24,"column":4},"end":{"line":24,"column":24}},"6":{"start":{"line":25,"column":4},"end":{"line":25,"column":25}},"7":{"start":{"line":26,"column":4},"end":{"line":26,"column":33}},"8":{"start":{"line":27,"column":4},"end":{"line":27,"column":58}},"9":{"start":{"line":30,"column":2},"end":{"line":53,"column":4}},"10":{"start":{"line":45,"column":23},"end":{"line":45,"column":42}},"11":{"start":{"line":50,"column":23},"end":{"line":50,"column":76}}},"fnMap":{"0":{"name":"(anonymous_0)","decl":{"start":{"line":19,"column":23},"end":{"line":19,"column":24}},"loc":{"start":{"line":19,"column":41},"end":{"line":54,"column":1}},"line":19},"1":{"name":"(anonymous_1)","decl":{"start":{"line":23,"column":21},"end":{"line":23,"column":22}},"loc":{"start":{"line":23,"column":38},"end":{"line":28,"column":3}},"line":23},"2":{"name":"(anonymous_2)","decl":{"start":{"line":45,"column":17},"end":{"line":45,"column":18}},"loc":{"start":{"line":45,"column":23},"end":{"line":45,"column":42}},"line":45},"3":{"name":"(anonymous_3)","decl":{"start":{"line":50,"column":17},"end":{"line":50,"column":18}},"loc":{"start":{"line":50,"column":23},"end":{"line":50,"column":76}},"line":50}},"branchMap":{},"s":{"0":2,"1":2,"2":16,"3":16,"4":16,"5":2,"6":2,"7":2,"8":2,"9":16,"10":2,"11":1},"f":{"0":16,"1":2,"2":2,"3":1},"b":{},"_coverageSchema":"1a1c01bbd47fc00a2c39e90264f33305004495a9","hash":"bae52a3a412d1f5cf0ae87053b6e278d35c607ed"}
,"/Users/abhinavsunil/cse118/Assignment9/src/UI/AddWorkspaceView.js": {"path":"/Users/abhinavsunil/cse118/Assignment9/src/UI/AddWorkspaceView.js","statementMap":{"0":{"start":{"line":6,"column":15},"end":{"line":17,"column":2}},"1":{"start":{"line":19,"column":25},"end":{"line":58,"column":1}},"2":{"start":{"line":21,"column":26},"end":{"line":21,"column":38}},"3":{"start":{"line":22,"column":28},"end":{"line":22,"column":63}},"4":{"start":{"line":23,"column":23},"end":{"line":28,"column":3}},"5":{"start":{"line":24,"column":4},"end":{"line":24,"column":24}},"6":{"start":{"line":25,"column":4},"end":{"line":25,"column":22}},"7":{"start":{"line":26,"column":4},"end":{"line":26,"column":32}},"8":{"start":{"line":27,"column":4},"end":{"line":27,"column":61}},"9":{"start":{"line":30,"column":2},"end":{"line":57,"column":4}},"10":{"start":{"line":45,"column":23},"end":{"line":45,"column":41}},"11":{"start":{"line":51,"column":10},"end":{"line":53,"column":16}},"12":{"start":{"line":52,"column":12},"end":{"line":52,"column":69}}},"fnMap":{"0":{"name":"(anonymous_0)","decl":{"start":{"line":19,"column":25},"end":{"line":19,"column":26}},"loc":{"start":{"line":19,"column":43},"end":{"line":58,"column":1}},"line":19},"1":{"name":"(anonymous_1)","decl":{"start":{"line":23,"column":23},"end":{"line":23,"column":24}},"loc":{"start":{"line":23,"column":37},"end":{"line":28,"column":3}},"line":23},"2":{"name":"(anonymous_2)","decl":{"start":{"line":45,"column":17},"end":{"line":45,"column":18}},"loc":{"start":{"line":45,"column":23},"end":{"line":45,"column":41}},"line":45},"3":{"name":"(anonymous_3)","decl":{"start":{"line":50,"column":17},"end":{"line":50,"column":18}},"loc":{"start":{"line":51,"column":10},"end":{"line":53,"column":16}},"line":51},"4":{"name":"(anonymous_4)","decl":{"start":{"line":51,"column":21},"end":{"line":51,"column":22}},"loc":{"start":{"line":51,"column":27},"end":{"line":53,"column":11}},"line":51}},"branchMap":{"0":{"loc":{"start":{"line":46,"column":18},"end":{"line":46,"column":53}},"type":"binary-expr","locations":[{"start":{"line":46,"column":18},"end":{"line":46,"column":33}},{"start":{"line":46,"column":37},"end":{"line":46,"column":53}}],"line":46}},"s":{"0":2,"1":2,"2":24,"3":24,"4":24,"5":4,"6":4,"7":4,"8":4,"9":24,"10":4,"11":1,"12":1},"f":{"0":24,"1":4,"2":4,"3":1,"4":1},"b":{"0":[24,16]},"_coverageSchema":"1a1c01bbd47fc00a2c39e90264f33305004495a9","hash":"48561d3fe517fa313d33d1787e73575d91f7f887"}
,"/Users/abhinavsunil/cse118/Assignment9/src/UI/ChannelCard.js": {"path":"/Users/abhinavsunil/cse118/Assignment9/src/UI/ChannelCard.js","statementMap":{"0":{"start":{"line":14,"column":15},"end":{"line":42,"column":2}},"1":{"start":{"line":44,"column":20},"end":{"line":111,"column":1}},"2":{"start":{"line":46,"column":4},"end":{"line":46,"column":39}},"3":{"start":{"line":48,"column":16},"end":{"line":48,"column":32}},"4":{"start":{"line":50,"column":18},"end":{"line":50,"column":45}},"5":{"start":{"line":51,"column":2},"end":{"line":51,"column":23}},"6":{"start":{"line":53,"column":23},"end":{"line":53,"column":41}},"7":{"start":{"line":55,"column":28},"end":{"line":73,"column":3}},"8":{"start":{"line":56,"column":4},"end":{"line":71,"column":5}},"9":{"start":{"line":57,"column":6},"end":{"line":70,"column":8}},"10":{"start":{"line":64,"column":12},"end":{"line":66,"column":18}},"11":{"start":{"line":65,"column":14},"end":{"line":65,"column":41}},"12":{"start":{"line":72,"column":4},"end":{"line":72,"column":16}},"13":{"start":{"line":75,"column":2},"end":{"line":110,"column":4}},"14":{"start":{"line":81,"column":12},"end":{"line":81,"column":32}},"15":{"start":{"line":85,"column":12},"end":{"line":85,"column":66}}},"fnMap":{"0":{"name":"(anonymous_0)","decl":{"start":{"line":44,"column":20},"end":{"line":44,"column":21}},"loc":{"start":{"line":44,"column":47},"end":{"line":111,"column":1}},"line":44},"1":{"name":"(anonymous_1)","decl":{"start":{"line":55,"column":28},"end":{"line":55,"column":29}},"loc":{"start":{"line":55,"column":34},"end":{"line":73,"column":3}},"line":55},"2":{"name":"(anonymous_2)","decl":{"start":{"line":63,"column":19},"end":{"line":63,"column":20}},"loc":{"start":{"line":64,"column":12},"end":{"line":66,"column":18}},"line":64},"3":{"name":"(anonymous_3)","decl":{"start":{"line":64,"column":23},"end":{"line":64,"column":24}},"loc":{"start":{"line":64,"column":29},"end":{"line":66,"column":13}},"line":64},"4":{"name":"(anonymous_4)","decl":{"start":{"line":79,"column":19},"end":{"line":79,"column":20}},"loc":{"start":{"line":79,"column":25},"end":{"line":86,"column":11}},"line":79}},"branchMap":{"0":{"loc":{"start":{"line":56,"column":4},"end":{"line":71,"column":5}},"type":"if","locations":[{"start":{"line":56,"column":4},"end":{"line":71,"column":5}},{"start":{},"end":{}}],"line":56},"1":{"loc":{"start":{"line":96,"column":15},"end":{"line":104,"column":15}},"type":"cond-expr","locations":[{"start":{"line":97,"column":16},"end":{"line":99,"column":23}},{"start":{"line":101,"column":16},"end":{"line":103,"column":23}}],"line":96}},"s":{"0":2,"1":2,"2":94,"3":94,"4":94,"5":94,"6":94,"7":94,"8":94,"9":86,"10":1,"11":1,"12":8,"13":94,"14":7,"15":7},"f":{"0":94,"1":94,"2":1,"3":1,"4":7},"b":{"0":[86,8],"1":[42,52]},"_coverageSchema":"1a1c01bbd47fc00a2c39e90264f33305004495a9","hash":"c1574654edd9c656dc743326b3bcc7238058268d"}
,"/Users/abhinavsunil/cse118/Assignment9/src/UI/ChannelList.js": {"path":"/Users/abhinavsunil/cse118/Assignment9/src/UI/ChannelList.js","statementMap":{"0":{"start":{"line":15,"column":15},"end":{"line":30,"column":2}},"1":{"start":{"line":32,"column":20},"end":{"line":74,"column":1}},"2":{"start":{"line":33,"column":40},"end":{"line":33,"column":75}},"3":{"start":{"line":34,"column":2},"end":{"line":58,"column":19}},"4":{"start":{"line":35,"column":30},"end":{"line":53,"column":5}},"5":{"start":{"line":36,"column":6},"end":{"line":51,"column":7}},"6":{"start":{"line":37,"column":8},"end":{"line":50,"column":10}},"7":{"start":{"line":46,"column":16},"end":{"line":46,"column":74}},"8":{"start":{"line":52,"column":6},"end":{"line":52,"column":18}},"9":{"start":{"line":55,"column":4},"end":{"line":57,"column":7}},"10":{"start":{"line":60,"column":2},"end":{"line":73,"column":4}},"11":{"start":{"line":64,"column":30},"end":{"line":64,"column":37}},"12":{"start":{"line":66,"column":10},"end":{"line":68,"column":17}}},"fnMap":{"0":{"name":"(anonymous_0)","decl":{"start":{"line":32,"column":20},"end":{"line":32,"column":21}},"loc":{"start":{"line":32,"column":38},"end":{"line":74,"column":1}},"line":32},"1":{"name":"(anonymous_1)","decl":{"start":{"line":34,"column":24},"end":{"line":34,"column":25}},"loc":{"start":{"line":34,"column":30},"end":{"line":58,"column":3}},"line":34},"2":{"name":"(anonymous_2)","decl":{"start":{"line":35,"column":30},"end":{"line":35,"column":31}},"loc":{"start":{"line":35,"column":36},"end":{"line":53,"column":5}},"line":35},"3":{"name":"(anonymous_3)","decl":{"start":{"line":45,"column":23},"end":{"line":45,"column":24}},"loc":{"start":{"line":45,"column":29},"end":{"line":47,"column":15}},"line":45},"4":{"name":"(anonymous_4)","decl":{"start":{"line":64,"column":22},"end":{"line":64,"column":23}},"loc":{"start":{"line":64,"column":30},"end":{"line":64,"column":37}},"line":64},"5":{"name":"(anonymous_5)","decl":{"start":{"line":65,"column":20},"end":{"line":65,"column":21}},"loc":{"start":{"line":66,"column":10},"end":{"line":68,"column":17}},"line":66}},"branchMap":{"0":{"loc":{"start":{"line":36,"column":6},"end":{"line":51,"column":7}},"type":"if","locations":[{"start":{"line":36,"column":6},"end":{"line":51,"column":7}},{"start":{},"end":{}}],"line":36}},"s":{"0":2,"1":2,"2":62,"3":62,"4":11,"5":99,"6":83,"7":3,"8":16,"9":11,"10":62,"11":94,"12":94},"f":{"0":62,"1":11,"2":99,"3":3,"4":94,"5":94},"b":{"0":[83,16]},"_coverageSchema":"1a1c01bbd47fc00a2c39e90264f33305004495a9","hash":"808d3151bbc7064f63e97c803c4c18c00a15342d"}
,"/Users/abhinavsunil/cse118/Assignment9/src/UI/LoginView.js": {"path":"/Users/abhinavsunil/cse118/Assignment9/src/UI/LoginView.js","statementMap":{"0":{"start":{"line":6,"column":18},"end":{"line":60,"column":1}},"1":{"start":{"line":7,"column":34},"end":{"line":7,"column":52}},"2":{"start":{"line":8,"column":34},"end":{"line":8,"column":52}},"3":{"start":{"line":10,"column":30},"end":{"line":10,"column":65}},"4":{"start":{"line":12,"column":22},"end":{"line":23,"column":3}},"5":{"start":{"line":13,"column":4},"end":{"line":22,"column":5}},"6":{"start":{"line":14,"column":21},"end":{"line":14,"column":53}},"7":{"start":{"line":15,"column":6},"end":{"line":15,"column":26}},"8":{"start":{"line":16,"column":6},"end":{"line":16,"column":26}},"9":{"start":{"line":20,"column":6},"end":{"line":20,"column":27}},"10":{"start":{"line":25,"column":2},"end":{"line":59,"column":4}},"11":{"start":{"line":55,"column":25},"end":{"line":55,"column":38}},"12":{"start":{"line":62,"column":15},"end":{"line":94,"column":2}}},"fnMap":{"0":{"name":"(anonymous_0)","decl":{"start":{"line":6,"column":18},"end":{"line":6,"column":19}},"loc":{"start":{"line":6,"column":24},"end":{"line":60,"column":1}},"line":6},"1":{"name":"(anonymous_1)","decl":{"start":{"line":12,"column":22},"end":{"line":12,"column":23}},"loc":{"start":{"line":12,"column":34},"end":{"line":23,"column":3}},"line":12},"2":{"name":"(anonymous_2)","decl":{"start":{"line":55,"column":19},"end":{"line":55,"column":20}},"loc":{"start":{"line":55,"column":25},"end":{"line":55,"column":38}},"line":55}},"branchMap":{},"s":{"0":2,"1":87,"2":87,"3":87,"4":87,"5":17,"6":17,"7":16,"8":16,"9":1,"10":87,"11":17,"12":2},"f":{"0":87,"1":17,"2":17},"b":{},"_coverageSchema":"1a1c01bbd47fc00a2c39e90264f33305004495a9","hash":"5ed5e1b9d0ce51675cbf8cebc4c079499856d0d2"}
,"/Users/abhinavsunil/cse118/Assignment9/src/UI/MessageCard.js": {"path":"/Users/abhinavsunil/cse118/Assignment9/src/UI/MessageCard.js","statementMap":{"0":{"start":{"line":15,"column":15},"end":{"line":32,"column":2}},"1":{"start":{"line":34,"column":20},"end":{"line":99,"column":1}},"2":{"start":{"line":42,"column":6},"end":{"line":42,"column":41}},"3":{"start":{"line":43,"column":24},"end":{"line":50,"column":4}},"4":{"start":{"line":52,"column":23},"end":{"line":54,"column":3}},"5":{"start":{"line":53,"column":18},"end":{"line":53,"column":50}},"6":{"start":{"line":55,"column":15},"end":{"line":55,"column":34}},"7":{"start":{"line":57,"column":25},"end":{"line":57,"column":50}},"8":{"start":{"line":59,"column":4},"end":{"line":61,"column":38}},"9":{"start":{"line":63,"column":23},"end":{"line":63,"column":41}},"10":{"start":{"line":65,"column":28},"end":{"line":79,"column":3}},"11":{"start":{"line":66,"column":4},"end":{"line":77,"column":5}},"12":{"start":{"line":67,"column":6},"end":{"line":76,"column":8}},"13":{"start":{"line":73,"column":25},"end":{"line":73,"column":51}},"14":{"start":{"line":78,"column":4},"end":{"line":78,"column":16}},"15":{"start":{"line":81,"column":2},"end":{"line":98,"column":4}},"16":{"start":{"line":86,"column":12},"end":{"line":86,"column":32}},"17":{"start":{"line":87,"column":12},"end":{"line":87,"column":33}},"18":{"start":{"line":88,"column":12},"end":{"line":88,"column":58}}},"fnMap":{"0":{"name":"(anonymous_0)","decl":{"start":{"line":34,"column":20},"end":{"line":34,"column":21}},"loc":{"start":{"line":34,"column":47},"end":{"line":99,"column":1}},"line":34},"1":{"name":"(anonymous_1)","decl":{"start":{"line":53,"column":4},"end":{"line":53,"column":5}},"loc":{"start":{"line":53,"column":18},"end":{"line":53,"column":50}},"line":53},"2":{"name":"(anonymous_2)","decl":{"start":{"line":65,"column":28},"end":{"line":65,"column":29}},"loc":{"start":{"line":65,"column":34},"end":{"line":79,"column":3}},"line":65},"3":{"name":"(anonymous_3)","decl":{"start":{"line":73,"column":19},"end":{"line":73,"column":20}},"loc":{"start":{"line":73,"column":25},"end":{"line":73,"column":51}},"line":73},"4":{"name":"(anonymous_4)","decl":{"start":{"line":85,"column":19},"end":{"line":85,"column":20}},"loc":{"start":{"line":85,"column":25},"end":{"line":89,"column":11}},"line":85}},"branchMap":{"0":{"loc":{"start":{"line":66,"column":4},"end":{"line":77,"column":5}},"type":"if","locations":[{"start":{"line":66,"column":4},"end":{"line":77,"column":5}},{"start":{},"end":{}}],"line":66},"1":{"loc":{"start":{"line":66,"column":8},"end":{"line":66,"column":69}},"type":"binary-expr","locations":[{"start":{"line":66,"column":8},"end":{"line":66,"column":36}},{"start":{"line":66,"column":40},"end":{"line":66,"column":69}}],"line":66}},"s":{"0":2,"1":2,"2":24,"3":24,"4":24,"5":504,"6":24,"7":24,"8":24,"9":24,"10":24,"11":24,"12":15,"13":1,"14":9,"15":24,"16":1,"17":1,"18":1},"f":{"0":24,"1":504,"2":24,"3":1,"4":1},"b":{"0":[15,9],"1":[24,12]},"_coverageSchema":"1a1c01bbd47fc00a2c39e90264f33305004495a9","hash":"f733b048b15afc585eb8512289725e5e9481a4bb"}
,"/Users/abhinavsunil/cse118/Assignment9/src/UI/MessageList.js": {"path":"/Users/abhinavsunil/cse118/Assignment9/src/UI/MessageList.js","statementMap":{"0":{"start":{"line":15,"column":15},"end":{"line":31,"column":2}},"1":{"start":{"line":33,"column":20},"end":{"line":72,"column":1}},"2":{"start":{"line":34,"column":21},"end":{"line":34,"column":56}},"3":{"start":{"line":35,"column":2},"end":{"line":56,"column":19}},"4":{"start":{"line":36,"column":30},"end":{"line":51,"column":5}},"5":{"start":{"line":37,"column":6},"end":{"line":50,"column":8}},"6":{"start":{"line":46,"column":14},"end":{"line":46,"column":72}},"7":{"start":{"line":53,"column":4},"end":{"line":55,"column":7}},"8":{"start":{"line":58,"column":2},"end":{"line":71,"column":4}},"9":{"start":{"line":62,"column":30},"end":{"line":62,"column":37}},"10":{"start":{"line":64,"column":10},"end":{"line":66,"column":17}}},"fnMap":{"0":{"name":"(anonymous_0)","decl":{"start":{"line":33,"column":20},"end":{"line":33,"column":21}},"loc":{"start":{"line":33,"column":38},"end":{"line":72,"column":1}},"line":33},"1":{"name":"(anonymous_1)","decl":{"start":{"line":35,"column":24},"end":{"line":35,"column":25}},"loc":{"start":{"line":35,"column":30},"end":{"line":56,"column":3}},"line":35},"2":{"name":"(anonymous_2)","decl":{"start":{"line":36,"column":30},"end":{"line":36,"column":31}},"loc":{"start":{"line":36,"column":36},"end":{"line":51,"column":5}},"line":36},"3":{"name":"(anonymous_3)","decl":{"start":{"line":45,"column":21},"end":{"line":45,"column":22}},"loc":{"start":{"line":45,"column":27},"end":{"line":47,"column":13}},"line":45},"4":{"name":"(anonymous_4)","decl":{"start":{"line":62,"column":22},"end":{"line":62,"column":23}},"loc":{"start":{"line":62,"column":30},"end":{"line":62,"column":37}},"line":62},"5":{"name":"(anonymous_5)","decl":{"start":{"line":63,"column":20},"end":{"line":63,"column":21}},"loc":{"start":{"line":64,"column":10},"end":{"line":66,"column":17}},"line":64}},"branchMap":{},"s":{"0":2,"1":2,"2":35,"3":35,"4":7,"5":43,"6":4,"7":7,"8":35,"9":24,"10":24},"f":{"0":35,"1":7,"2":43,"3":4,"4":24,"5":24},"b":{},"_coverageSchema":"1a1c01bbd47fc00a2c39e90264f33305004495a9","hash":"18ee439342a1c4d20ad0b90c4cab9fb4b1cfb989"}
,"/Users/abhinavsunil/cse118/Assignment9/src/UI/MessageView.js": {"path":"/Users/abhinavsunil/cse118/Assignment9/src/UI/MessageView.js","statementMap":{"0":{"start":{"line":14,"column":15},"end":{"line":23,"column":2}},"1":{"start":{"line":25,"column":20},"end":{"line":32,"column":1}},"2":{"start":{"line":26,"column":20},"end":{"line":26,"column":55}},"3":{"start":{"line":27,"column":2},"end":{"line":31,"column":4}}},"fnMap":{"0":{"name":"(anonymous_0)","decl":{"start":{"line":25,"column":20},"end":{"line":25,"column":21}},"loc":{"start":{"line":25,"column":26},"end":{"line":32,"column":1}},"line":25}},"branchMap":{},"s":{"0":2,"1":2,"2":1,"3":1},"f":{"0":1},"b":{},"_coverageSchema":"1a1c01bbd47fc00a2c39e90264f33305004495a9","hash":"01d7866367ee82f37766671d59f99f442ec20c82"}
,"/Users/abhinavsunil/cse118/Assignment9/src/UI/SelectedMessage.js": {"path":"/Users/abhinavsunil/cse118/Assignment9/src/UI/SelectedMessage.js","statementMap":{"0":{"start":{"line":11,"column":15},"end":{"line":25,"column":2}},"1":{"start":{"line":27,"column":24},"end":{"line":49,"column":1}},"2":{"start":{"line":28,"column":24},"end":{"line":35,"column":4}},"3":{"start":{"line":37,"column":25},"end":{"line":37,"column":50}},"4":{"start":{"line":39,"column":4},"end":{"line":41,"column":38}},"5":{"start":{"line":43,"column":2},"end":{"line":48,"column":4}}},"fnMap":{"0":{"name":"(anonymous_0)","decl":{"start":{"line":27,"column":24},"end":{"line":27,"column":25}},"loc":{"start":{"line":27,"column":39},"end":{"line":49,"column":1}},"line":27}},"branchMap":{},"s":{"0":2,"1":2,"2":1,"3":1,"4":1,"5":1},"f":{"0":1},"b":{},"_coverageSchema":"1a1c01bbd47fc00a2c39e90264f33305004495a9","hash":"196822677f939ce748df4064b3c0e6a408fddfc0"}
,"/Users/abhinavsunil/cse118/Assignment9/src/UI/WorkspaceCard.js": {"path":"/Users/abhinavsunil/cse118/Assignment9/src/UI/WorkspaceCard.js","statementMap":{"0":{"start":{"line":14,"column":15},"end":{"line":42,"column":2}},"1":{"start":{"line":44,"column":22},"end":{"line":106,"column":1}},"2":{"start":{"line":46,"column":4},"end":{"line":46,"column":39}},"3":{"start":{"line":48,"column":14},"end":{"line":48,"column":32}},"4":{"start":{"line":53,"column":18},"end":{"line":53,"column":47}},"5":{"start":{"line":55,"column":23},"end":{"line":55,"column":41}},"6":{"start":{"line":57,"column":28},"end":{"line":76,"column":3}},"7":{"start":{"line":58,"column":4},"end":{"line":74,"column":5}},"8":{"start":{"line":59,"column":6},"end":{"line":73,"column":8}},"9":{"start":{"line":66,"column":12},"end":{"line":66,"column":43}},"10":{"start":{"line":67,"column":12},"end":{"line":67,"column":37}},"11":{"start":{"line":68,"column":12},"end":{"line":68,"column":40}},"12":{"start":{"line":69,"column":12},"end":{"line":69,"column":43}},"13":{"start":{"line":75,"column":4},"end":{"line":75,"column":16}},"14":{"start":{"line":78,"column":2},"end":{"line":105,"column":4}},"15":{"start":{"line":83,"column":12},"end":{"line":83,"column":38}},"16":{"start":{"line":84,"column":12},"end":{"line":84,"column":38}},"17":{"start":{"line":85,"column":12},"end":{"line":85,"column":42}},"18":{"start":{"line":86,"column":12},"end":{"line":86,"column":76}}},"fnMap":{"0":{"name":"(anonymous_0)","decl":{"start":{"line":44,"column":22},"end":{"line":44,"column":23}},"loc":{"start":{"line":44,"column":51},"end":{"line":106,"column":1}},"line":44},"1":{"name":"(anonymous_1)","decl":{"start":{"line":57,"column":28},"end":{"line":57,"column":29}},"loc":{"start":{"line":57,"column":34},"end":{"line":76,"column":3}},"line":57},"2":{"name":"(anonymous_2)","decl":{"start":{"line":65,"column":19},"end":{"line":65,"column":20}},"loc":{"start":{"line":65,"column":25},"end":{"line":70,"column":11}},"line":65},"3":{"name":"(anonymous_3)","decl":{"start":{"line":82,"column":19},"end":{"line":82,"column":20}},"loc":{"start":{"line":82,"column":31},"end":{"line":87,"column":11}},"line":82}},"branchMap":{"0":{"loc":{"start":{"line":58,"column":4},"end":{"line":74,"column":5}},"type":"if","locations":[{"start":{"line":58,"column":4},"end":{"line":74,"column":5}},{"start":{},"end":{}}],"line":58},"1":{"loc":{"start":{"line":58,"column":8},"end":{"line":58,"column":47}},"type":"binary-expr","locations":[{"start":{"line":58,"column":8},"end":{"line":58,"column":14}},{"start":{"line":58,"column":18},"end":{"line":58,"column":47}}],"line":58}},"s":{"0":2,"1":2,"2":374,"3":374,"4":374,"5":374,"6":374,"7":374,"8":139,"9":4,"10":4,"11":4,"12":4,"13":235,"14":374,"15":11,"16":11,"17":11,"18":11},"f":{"0":374,"1":374,"2":4,"3":11},"b":{"0":[139,235],"1":[374,371]},"_coverageSchema":"1a1c01bbd47fc00a2c39e90264f33305004495a9","hash":"55229f3dd41e50bdc9d2ae4adc306e801946618f"}
,"/Users/abhinavsunil/cse118/Assignment9/src/UI/WorkspaceList.js": {"path":"/Users/abhinavsunil/cse118/Assignment9/src/UI/WorkspaceList.js","statementMap":{"0":{"start":{"line":16,"column":15},"end":{"line":25,"column":2}},"1":{"start":{"line":27,"column":22},"end":{"line":85,"column":1}},"2":{"start":{"line":29,"column":4},"end":{"line":29,"column":39}},"3":{"start":{"line":30,"column":2},"end":{"line":69,"column":19}},"4":{"start":{"line":31,"column":30},"end":{"line":64,"column":5}},"5":{"start":{"line":32,"column":6},"end":{"line":63,"column":8}},"6":{"start":{"line":41,"column":14},"end":{"line":41,"column":30}},"7":{"start":{"line":50,"column":14},"end":{"line":50,"column":76}},"8":{"start":{"line":59,"column":14},"end":{"line":59,"column":26}},"9":{"start":{"line":66,"column":4},"end":{"line":68,"column":7}},"10":{"start":{"line":71,"column":2},"end":{"line":84,"column":4}},"11":{"start":{"line":75,"column":30},"end":{"line":75,"column":37}},"12":{"start":{"line":77,"column":10},"end":{"line":79,"column":17}}},"fnMap":{"0":{"name":"(anonymous_0)","decl":{"start":{"line":27,"column":22},"end":{"line":27,"column":23}},"loc":{"start":{"line":27,"column":40},"end":{"line":85,"column":1}},"line":27},"1":{"name":"(anonymous_1)","decl":{"start":{"line":30,"column":24},"end":{"line":30,"column":25}},"loc":{"start":{"line":30,"column":30},"end":{"line":69,"column":3}},"line":30},"2":{"name":"(anonymous_2)","decl":{"start":{"line":31,"column":30},"end":{"line":31,"column":31}},"loc":{"start":{"line":31,"column":36},"end":{"line":64,"column":5}},"line":31},"3":{"name":"(anonymous_3)","decl":{"start":{"line":39,"column":21},"end":{"line":39,"column":22}},"loc":{"start":{"line":39,"column":27},"end":{"line":42,"column":13}},"line":39},"4":{"name":"(anonymous_4)","decl":{"start":{"line":49,"column":21},"end":{"line":49,"column":22}},"loc":{"start":{"line":49,"column":27},"end":{"line":51,"column":13}},"line":49},"5":{"name":"(anonymous_5)","decl":{"start":{"line":58,"column":21},"end":{"line":58,"column":22}},"loc":{"start":{"line":58,"column":27},"end":{"line":60,"column":13}},"line":58},"6":{"name":"(anonymous_6)","decl":{"start":{"line":75,"column":22},"end":{"line":75,"column":23}},"loc":{"start":{"line":75,"column":30},"end":{"line":75,"column":37}},"line":75},"7":{"name":"(anonymous_7)","decl":{"start":{"line":76,"column":20},"end":{"line":76,"column":21}},"loc":{"start":{"line":77,"column":10},"end":{"line":79,"column":17}},"line":77}},"branchMap":{},"s":{"0":2,"1":2,"2":162,"3":162,"4":16,"5":193,"6":1,"7":6,"8":1,"9":16,"10":162,"11":374,"12":374},"f":{"0":162,"1":16,"2":193,"3":1,"4":6,"5":1,"6":374,"7":374},"b":{},"_coverageSchema":"1a1c01bbd47fc00a2c39e90264f33305004495a9","hash":"b6c7229feceb8b649a4a8b964636e84e20004003"}
}
