TN:
SF:App.js
FN:5,(anonymous_0)
FNF:1
FNH:1
FNDA:19,(anonymous_0)
DA:5,2
DA:6,19
LF:2
LH:2
BRF:0
BRH:0
end_of_record
TN:
SF:assets/UCSCSlugLogo.png
FNF:0
FNH:0
DA:1,2
LF:1
LH:1
BRF:0
BRH:0
end_of_record
TN:
SF:src/Main.js
FN:17,(anonymous_0)
FN:26,(anonymous_1)
FN:39,(anonymous_2)
FN:52,(anonymous_3)
FN:65,(anonymous_4)
FN:78,(anonymous_5)
FN:91,(anonymous_6)
FN:104,(anonymous_7)
FNF:8
FNH:8
FNDA:198,(anonymous_0)
FNDA:228,(anonymous_1)
FNDA:89,(anonymous_2)
FNDA:39,(anonymous_3)
FNDA:1,(anonymous_4)
FNDA:16,(anonymous_5)
FNDA:5,(anonymous_6)
FNDA:14,(anonymous_7)
DA:14,2
DA:17,2
DA:18,198
DA:19,196
DA:20,159
DA:26,228
DA:39,89
DA:52,39
DA:65,1
DA:78,16
DA:91,5
DA:104,14
DA:118,37
LF:13
LH:13
BRDA:19,0,0,159
BRDA:19,0,1,37
BRF:2
BRH:2
end_of_record
TN:
SF:src/Model/ViewModel.js
FN:20,(anonymous_0)
FN:45,(anonymous_1)
FN:52,(anonymous_2)
FN:59,(anonymous_3)
FN:68,(anonymous_4)
FN:75,(anonymous_5)
FN:82,(anonymous_6)
FN:89,(anonymous_7)
FN:102,(anonymous_8)
FN:104,(anonymous_9)
FN:116,(anonymous_10)
FN:118,(anonymous_11)
FN:129,(anonymous_12)
FN:133,(anonymous_13)
FN:190,(anonymous_14)
FN:192,(anonymous_15)
FNF:16
FNH:16
FNDA:237,(anonymous_0)
FNDA:4,(anonymous_1)
FNDA:1,(anonymous_2)
FNDA:2,(anonymous_3)
FNDA:1,(anonymous_4)
FNDA:1,(anonymous_5)
FNDA:4,(anonymous_6)
FNDA:1,(anonymous_7)
FNDA:43,(anonymous_8)
FNDA:43,(anonymous_9)
FNDA:34,(anonymous_10)
FNDA:34,(anonymous_11)
FNDA:50,(anonymous_12)
FNDA:50,(anonymous_13)
FNDA:42,(anonymous_14)
FNDA:42,(anonymous_15)
DA:18,2
DA:20,2
DA:21,237
DA:22,235
DA:23,235
DA:24,235
DA:25,235
DA:26,235
DA:28,235
DA:29,235
DA:30,235
DA:31,235
DA:32,235
DA:33,235
DA:34,235
DA:35,235
DA:36,235
DA:37,235
DA:38,235
DA:39,235
DA:40,235
DA:41,235
DA:45,235
DA:46,4
DA:47,4
DA:52,235
DA:53,1
DA:54,1
DA:59,235
DA:60,2
DA:61,2
DA:63,2
DA:64,2
DA:68,235
DA:69,1
DA:70,1
DA:71,1
DA:75,235
DA:76,1
DA:77,1
DA:78,1
DA:82,235
DA:83,4
DA:84,4
DA:85,4
DA:89,235
DA:90,1
DA:91,1
DA:102,235
DA:104,43
DA:105,43
DA:106,25
DA:107,25
DA:108,25
DA:110,43
DA:113,43
DA:116,235
DA:118,34
DA:119,34
DA:120,16
DA:121,16
DA:123,34
DA:126,34
DA:129,235
DA:133,50
DA:134,50
DA:135,16
DA:136,16
DA:137,16
DA:138,16
DA:142,50
DA:190,235
DA:192,42
DA:193,42
DA:194,8
DA:195,8
DA:196,8
DA:200,42
DA:203,235
LF:79
LH:79
BRDA:105,0,0,25
BRDA:105,0,1,18
BRDA:119,1,0,16
BRDA:119,1,1,18
BRDA:134,2,0,16
BRDA:134,2,1,34
BRDA:134,3,0,50
BRDA:134,3,1,16
BRDA:193,4,0,8
BRDA:193,4,1,34
BRDA:193,5,0,42
BRDA:193,5,1,8
BRF:12
BRH:12
end_of_record
TN:
SF:src/Repo/ChannelRepo.js
FN:1,(anonymous_0)
FN:24,(anonymous_1)
FN:47,(anonymous_2)
FNF:3
FNH:3
FNDA:16,(anonymous_0)
FNDA:1,(anonymous_1)
FNDA:1,(anonymous_2)
DA:1,2
DA:2,16
DA:3,16
DA:4,16
DA:5,16
DA:6,16
DA:12,16
DA:17,16
DA:19,16
DA:24,2
DA:25,1
DA:26,1
DA:27,1
DA:33,1
DA:34,1
DA:35,1
DA:41,1
DA:42,1
DA:47,2
DA:48,1
DA:49,1
DA:50,1
DA:51,1
DA:57,1
DA:63,1
DA:64,1
DA:65,1
DA:66,1
LF:28
LH:28
BRF:0
BRH:0
end_of_record
TN:
SF:src/Repo/LoginRepo.js
FN:1,(anonymous_0)
FNF:1
FNH:1
FNDA:17,(anonymous_0)
DA:1,2
DA:2,17
DA:3,17
DA:14,17
DA:15,16
LF:5
LH:5
BRF:0
BRH:0
end_of_record
TN:
SF:src/Repo/MemberRepo.js
FN:1,(anonymous_0)
FNF:1
FNH:1
FNDA:16,(anonymous_0)
DA:1,2
DA:2,16
DA:3,16
DA:9,16
DA:14,16
DA:17,16
LF:6
LH:6
BRF:0
BRH:0
end_of_record
TN:
SF:src/Repo/MessageRepo.js
FN:1,(anonymous_0)
FN:21,(anonymous_1)
FN:45,(anonymous_2)
FNF:3
FNH:3
FNDA:10,(anonymous_0)
FNDA:2,(anonymous_1)
FNDA:1,(anonymous_2)
DA:1,2
DA:2,10
DA:3,10
DA:9,10
DA:14,10
DA:16,10
DA:21,2
DA:22,2
DA:23,2
DA:24,2
DA:30,2
DA:31,2
DA:33,2
DA:39,2
DA:40,2
DA:45,2
DA:46,1
DA:47,1
DA:48,1
DA:54,1
DA:60,1
DA:61,1
DA:62,1
DA:63,1
LF:24
LH:24
BRF:0
BRH:0
end_of_record
TN:
SF:src/Repo/WorkspaceRepo.js
FN:1,(anonymous_0)
FN:20,(anonymous_1)
FN:44,(anonymous_2)
FN:65,(anonymous_3)
FNF:4
FNH:4
FNDA:25,(anonymous_0)
FNDA:4,(anonymous_1)
FNDA:1,(anonymous_2)
FNDA:4,(anonymous_3)
DA:1,2
DA:2,25
DA:3,25
DA:9,25
DA:14,25
DA:15,25
DA:20,2
DA:21,4
DA:22,4
DA:23,4
DA:29,4
DA:30,4
DA:32,4
DA:38,4
DA:39,4
DA:44,2
DA:45,1
DA:46,1
DA:52,1
DA:57,1
DA:58,1
DA:59,1
DA:60,1
DA:65,2
DA:66,4
DA:67,4
DA:68,4
DA:69,4
DA:75,4
DA:81,4
DA:82,4
DA:83,4
DA:84,4
LF:33
LH:33
BRF:0
BRH:0
end_of_record
TN:
SF:src/UI/AddChannelView.js
FN:19,(anonymous_0)
FN:23,(anonymous_1)
FN:45,(anonymous_2)
FN:50,(anonymous_3)
FN:51,(anonymous_4)
FNF:5
FNH:5
FNDA:7,(anonymous_0)
FNDA:1,(anonymous_1)
FNDA:1,(anonymous_2)
FNDA:1,(anonymous_3)
FNDA:1,(anonymous_4)
DA:6,2
DA:19,2
DA:21,7
DA:22,7
DA:23,7
DA:24,1
DA:25,1
DA:26,1
DA:27,1
DA:30,7
DA:45,1
DA:51,1
DA:52,1
LF:13
LH:13
BRDA:46,0,0,7
BRDA:46,0,1,3
BRF:2
BRH:2
end_of_record
TN:
SF:src/UI/AddMessageView.js
FN:19,(anonymous_0)
FN:23,(anonymous_1)
FN:45,(anonymous_2)
FN:50,(anonymous_3)
FNF:4
FNH:4
FNDA:16,(anonymous_0)
FNDA:2,(anonymous_1)
FNDA:2,(anonymous_2)
FNDA:1,(anonymous_3)
DA:6,2
DA:19,2
DA:21,16
DA:22,16
DA:23,16
DA:24,2
DA:25,2
DA:26,2
DA:27,2
DA:30,16
DA:45,2
DA:50,1
LF:12
LH:12
BRF:0
BRH:0
end_of_record
TN:
SF:src/UI/AddWorkspaceView.js
FN:19,(anonymous_0)
FN:23,(anonymous_1)
FN:45,(anonymous_2)
FN:50,(anonymous_3)
FN:51,(anonymous_4)
FNF:5
FNH:5
FNDA:24,(anonymous_0)
FNDA:4,(anonymous_1)
FNDA:4,(anonymous_2)
FNDA:1,(anonymous_3)
FNDA:1,(anonymous_4)
DA:6,2
DA:19,2
DA:21,24
DA:22,24
DA:23,24
DA:24,4
DA:25,4
DA:26,4
DA:27,4
DA:30,24
DA:45,4
DA:51,1
DA:52,1
LF:13
LH:13
BRDA:46,0,0,24
BRDA:46,0,1,16
BRF:2
BRH:2
end_of_record
TN:
SF:src/UI/ChannelCard.js
FN:44,(anonymous_0)
FN:55,(anonymous_1)
FN:63,(anonymous_2)
FN:64,(anonymous_3)
FN:79,(anonymous_4)
FNF:5
FNH:5
FNDA:94,(anonymous_0)
FNDA:94,(anonymous_1)
FNDA:1,(anonymous_2)
FNDA:1,(anonymous_3)
FNDA:7,(anonymous_4)
DA:14,2
DA:44,2
DA:46,94
DA:48,94
DA:50,94
DA:51,94
DA:53,94
DA:55,94
DA:56,94
DA:57,86
DA:64,1
DA:65,1
DA:72,8
DA:75,94
DA:81,7
DA:85,7
LF:16
LH:16
BRDA:56,0,0,86
BRDA:56,0,1,8
BRDA:96,1,0,42
BRDA:96,1,1,52
BRF:4
BRH:4
end_of_record
TN:
SF:src/UI/ChannelList.js
FN:32,(anonymous_0)
FN:34,(anonymous_1)
FN:35,(anonymous_2)
FN:45,(anonymous_3)
FN:64,(anonymous_4)
FN:65,(anonymous_5)
FNF:6
FNH:6
FNDA:62,(anonymous_0)
FNDA:11,(anonymous_1)
FNDA:99,(anonymous_2)
FNDA:3,(anonymous_3)
FNDA:94,(anonymous_4)
FNDA:94,(anonymous_5)
DA:15,2
DA:32,2
DA:33,62
DA:34,62
DA:35,11
DA:36,99
DA:37,83
DA:46,3
DA:52,16
DA:55,11
DA:60,62
DA:64,94
DA:66,94
LF:13
LH:13
BRDA:36,0,0,83
BRDA:36,0,1,16
BRF:2
BRH:2
end_of_record
TN:
SF:src/UI/LoginView.js
FN:6,(anonymous_0)
FN:12,(anonymous_1)
FN:55,(anonymous_2)
FNF:3
FNH:3
FNDA:87,(anonymous_0)
FNDA:17,(anonymous_1)
FNDA:17,(anonymous_2)
DA:6,2
DA:7,87
DA:8,87
DA:10,87
DA:12,87
DA:13,17
DA:14,17
DA:15,16
DA:16,16
DA:20,1
DA:25,87
DA:55,17
DA:62,2
LF:13
LH:13
BRF:0
BRH:0
end_of_record
TN:
SF:src/UI/MessageCard.js
FN:34,(anonymous_0)
FN:53,(anonymous_1)
FN:65,(anonymous_2)
FN:73,(anonymous_3)
FN:85,(anonymous_4)
FNF:5
FNH:5
FNDA:24,(anonymous_0)
FNDA:504,(anonymous_1)
FNDA:24,(anonymous_2)
FNDA:1,(anonymous_3)
FNDA:1,(anonymous_4)
DA:15,2
DA:34,2
DA:42,24
DA:43,24
DA:52,24
DA:53,504
DA:55,24
DA:57,24
DA:59,24
DA:63,24
DA:65,24
DA:66,24
DA:67,15
DA:73,1
DA:78,9
DA:81,24
DA:86,1
DA:87,1
DA:88,1
LF:19
LH:19
BRDA:66,0,0,15
BRDA:66,0,1,9
BRDA:66,1,0,24
BRDA:66,1,1,12
BRF:4
BRH:4
end_of_record
TN:
SF:src/UI/MessageList.js
FN:33,(anonymous_0)
FN:35,(anonymous_1)
FN:36,(anonymous_2)
FN:45,(anonymous_3)
FN:62,(anonymous_4)
FN:63,(anonymous_5)
FNF:6
FNH:6
FNDA:35,(anonymous_0)
FNDA:7,(anonymous_1)
FNDA:43,(anonymous_2)
FNDA:4,(anonymous_3)
FNDA:24,(anonymous_4)
FNDA:24,(anonymous_5)
DA:15,2
DA:33,2
DA:34,35
DA:35,35
DA:36,7
DA:37,43
DA:46,4
DA:53,7
DA:58,35
DA:62,24
DA:64,24
LF:11
LH:11
BRF:0
BRH:0
end_of_record
TN:
SF:src/UI/MessageView.js
FN:25,(anonymous_0)
FNF:1
FNH:1
FNDA:1,(anonymous_0)
DA:14,2
DA:25,2
DA:26,1
DA:27,1
LF:4
LH:4
BRF:0
BRH:0
end_of_record
TN:
SF:src/UI/SelectedMessage.js
FN:27,(anonymous_0)
FNF:1
FNH:1
FNDA:1,(anonymous_0)
DA:11,2
DA:27,2
DA:28,1
DA:37,1
DA:39,1
DA:43,1
LF:6
LH:6
BRF:0
BRH:0
end_of_record
TN:
SF:src/UI/WorkspaceCard.js
FN:44,(anonymous_0)
FN:57,(anonymous_1)
FN:65,(anonymous_2)
FN:82,(anonymous_3)
FNF:4
FNH:4
FNDA:374,(anonymous_0)
FNDA:374,(anonymous_1)
FNDA:4,(anonymous_2)
FNDA:11,(anonymous_3)
DA:14,2
DA:44,2
DA:46,374
DA:48,374
DA:53,374
DA:55,374
DA:57,374
DA:58,374
DA:59,139
DA:66,4
DA:67,4
DA:68,4
DA:69,4
DA:75,235
DA:78,374
DA:83,11
DA:84,11
DA:85,11
DA:86,11
LF:19
LH:19
BRDA:58,0,0,139
BRDA:58,0,1,235
BRDA:58,1,0,374
BRDA:58,1,1,371
BRF:4
BRH:4
end_of_record
TN:
SF:src/UI/WorkspaceList.js
FN:27,(anonymous_0)
FN:30,(anonymous_1)
FN:31,(anonymous_2)
FN:39,(anonymous_3)
FN:49,(anonymous_4)
FN:58,(anonymous_5)
FN:75,(anonymous_6)
FN:76,(anonymous_7)
FNF:8
FNH:8
FNDA:162,(anonymous_0)
FNDA:16,(anonymous_1)
FNDA:193,(anonymous_2)
FNDA:1,(anonymous_3)
FNDA:6,(anonymous_4)
FNDA:1,(anonymous_5)
FNDA:374,(anonymous_6)
FNDA:374,(anonymous_7)
DA:16,2
DA:27,2
DA:29,162
DA:30,162
DA:31,16
DA:32,193
DA:41,1
DA:50,6
DA:59,1
DA:66,16
DA:71,162
DA:75,374
DA:77,374
LF:13
LH:13
BRF:0
BRH:0
end_of_record
