{"/Users/abhinavsunil/cse118/Assignment8/App.js": {"path":"/Users/abhinavsunil/cse118/Assignment8/App.js","statementMap":{"0":{"start":{"line":12,"column":12},"end":{"line":14,"column":1}},"1":{"start":{"line":13,"column":2},"end":{"line":13,"column":18}}},"fnMap":{"0":{"name":"(anonymous_0)","decl":{"start":{"line":12,"column":12},"end":{"line":12,"column":13}},"loc":{"start":{"line":12,"column":18},"end":{"line":14,"column":1}},"line":12}},"branchMap":{},"s":{"0":2,"1":14},"f":{"0":14},"b":{},"_coverageSchema":"1a1c01bbd47fc00a2c39e90264f33305004495a9","hash":"0091ea59c5988167355e725a70135ab489c95b43"}
,"/Users/abhinavsunil/cse118/Assignment8/src/Main.js": {"path":"/Users/abhinavsunil/cse118/Assignment8/src/Main.js","statementMap":{"0":{"start":{"line":24,"column":14},"end":{"line":24,"column":36}},"1":{"start":{"line":26,"column":13},"end":{"line":157,"column":1}},"2":{"start":{"line":27,"column":38},"end":{"line":27,"column":56}},"3":{"start":{"line":28,"column":36},"end":{"line":28,"column":52}},"4":{"start":{"line":29,"column":34},"end":{"line":29,"column":50}},"5":{"start":{"line":30,"column":32},"end":{"line":30,"column":48}},"6":{"start":{"line":31,"column":34},"end":{"line":31,"column":50}},"7":{"start":{"line":32,"column":32},"end":{"line":32,"column":48}},"8":{"start":{"line":34,"column":2},"end":{"line":106,"column":9}},"9":{"start":{"line":35,"column":23},"end":{"line":38,"column":5}},"10":{"start":{"line":40,"column":20},"end":{"line":40,"column":30}},"11":{"start":{"line":41,"column":4},"end":{"line":41,"column":50}},"12":{"start":{"line":42,"column":23},"end":{"line":42,"column":44}},"13":{"start":{"line":44,"column":20},"end":{"line":44,"column":30}},"14":{"start":{"line":45,"column":4},"end":{"line":45,"column":50}},"15":{"start":{"line":46,"column":26},"end":{"line":46,"column":47}},"16":{"start":{"line":47,"column":25},"end":{"line":52,"column":5}},"17":{"start":{"line":53,"column":25},"end":{"line":57,"column":5}},"18":{"start":{"line":59,"column":19},"end":{"line":59,"column":29}},"19":{"start":{"line":60,"column":4},"end":{"line":60,"column":43}},"20":{"start":{"line":61,"column":25},"end":{"line":61,"column":45}},"21":{"start":{"line":62,"column":25},"end":{"line":67,"column":5}},"22":{"start":{"line":68,"column":25},"end":{"line":72,"column":5}},"23":{"start":{"line":74,"column":24},"end":{"line":79,"column":5}},"24":{"start":{"line":80,"column":24},"end":{"line":84,"column":5}},"25":{"start":{"line":86,"column":26},"end":{"line":103,"column":5}},"26":{"start":{"line":105,"column":4},"end":{"line":105,"column":33}},"27":{"start":{"line":108,"column":2},"end":{"line":156,"column":4}},"28":{"start":{"line":129,"column":35},"end":{"line":133,"column":13}},"29":{"start":{"line":138,"column":35},"end":{"line":142,"column":13}},"30":{"start":{"line":147,"column":35},"end":{"line":151,"column":13}}},"fnMap":{"0":{"name":"(anonymous_0)","decl":{"start":{"line":26,"column":13},"end":{"line":26,"column":14}},"loc":{"start":{"line":26,"column":19},"end":{"line":157,"column":1}},"line":26},"1":{"name":"(anonymous_1)","decl":{"start":{"line":34,"column":18},"end":{"line":34,"column":19}},"loc":{"start":{"line":34,"column":24},"end":{"line":106,"column":3}},"line":34},"2":{"name":"(anonymous_2)","decl":{"start":{"line":129,"column":21},"end":{"line":129,"column":22}},"loc":{"start":{"line":129,"column":35},"end":{"line":133,"column":13}},"line":129},"3":{"name":"(anonymous_3)","decl":{"start":{"line":138,"column":21},"end":{"line":138,"column":22}},"loc":{"start":{"line":138,"column":35},"end":{"line":142,"column":13}},"line":138},"4":{"name":"(anonymous_4)","decl":{"start":{"line":147,"column":21},"end":{"line":147,"column":22}},"loc":{"start":{"line":147,"column":35},"end":{"line":151,"column":13}},"line":147}},"branchMap":{},"s":{"0":2,"1":2,"2":44,"3":44,"4":44,"5":44,"6":44,"7":44,"8":44,"9":14,"10":14,"11":14,"12":14,"13":14,"14":14,"15":14,"16":14,"17":14,"18":14,"19":14,"20":14,"21":14,"22":14,"23":14,"24":14,"25":14,"26":14,"27":44,"28":20,"29":7,"30":2},"f":{"0":44,"1":14,"2":20,"3":7,"4":2},"b":{},"_coverageSchema":"1a1c01bbd47fc00a2c39e90264f33305004495a9","hash":"7b672c49b138c8561955685dcc6cf619fcec32cd"}
,"/Users/abhinavsunil/cse118/Assignment8/src/Context/WorkspacesContext.js": {"path":"/Users/abhinavsunil/cse118/Assignment8/src/Context/WorkspacesContext.js","statementMap":{"0":{"start":{"line":10,"column":26},"end":{"line":10,"column":47}}},"fnMap":{},"branchMap":{},"s":{"0":2},"f":{},"b":{},"_coverageSchema":"1a1c01bbd47fc00a2c39e90264f33305004495a9","hash":"4a8abc440087b57b3328fb52d47e918cd3e2e9a5"}
,"/Users/abhinavsunil/cse118/Assignment8/src/UI/ChannelCard.js": {"path":"/Users/abhinavsunil/cse118/Assignment8/src/UI/ChannelCard.js","statementMap":{"0":{"start":{"line":16,"column":15},"end":{"line":44,"column":2}},"1":{"start":{"line":46,"column":20},"end":{"line":107,"column":1}},"2":{"start":{"line":47,"column":36},"end":{"line":47,"column":71}},"3":{"start":{"line":49,"column":24},"end":{"line":51,"column":3}},"4":{"start":{"line":50,"column":36},"end":{"line":50,"column":53}},"5":{"start":{"line":53,"column":16},"end":{"line":55,"column":43}},"6":{"start":{"line":54,"column":20},"end":{"line":54,"column":44}},"7":{"start":{"line":55,"column":20},"end":{"line":55,"column":42}},"8":{"start":{"line":56,"column":17},"end":{"line":56,"column":77}},"9":{"start":{"line":58,"column":22},"end":{"line":58,"column":32}},"10":{"start":{"line":59,"column":21},"end":{"line":59,"column":61}},"11":{"start":{"line":60,"column":18},"end":{"line":60,"column":47}},"12":{"start":{"line":61,"column":18},"end":{"line":61,"column":42}},"13":{"start":{"line":62,"column":16},"end":{"line":62,"column":40}},"14":{"start":{"line":63,"column":15},"end":{"line":63,"column":37}},"15":{"start":{"line":65,"column":16},"end":{"line":65,"column":39}},"16":{"start":{"line":67,"column":14},"end":{"line":67,"column":16}},"17":{"start":{"line":68,"column":2},"end":{"line":76,"column":3}},"18":{"start":{"line":69,"column":4},"end":{"line":69,"column":27}},"19":{"start":{"line":70,"column":9},"end":{"line":76,"column":3}},"20":{"start":{"line":71,"column":4},"end":{"line":71,"column":29}},"21":{"start":{"line":72,"column":9},"end":{"line":76,"column":3}},"22":{"start":{"line":73,"column":4},"end":{"line":73,"column":33}},"23":{"start":{"line":74,"column":9},"end":{"line":76,"column":3}},"24":{"start":{"line":75,"column":4},"end":{"line":75,"column":33}},"25":{"start":{"line":77,"column":18},"end":{"line":77,"column":45}},"26":{"start":{"line":78,"column":18},"end":{"line":78,"column":53}},"27":{"start":{"line":79,"column":18},"end":{"line":79,"column":53}},"28":{"start":{"line":80,"column":21},"end":{"line":80,"column":39}},"29":{"start":{"line":81,"column":2},"end":{"line":106,"column":4}},"30":{"start":{"line":84,"column":8},"end":{"line":84,"column":28}},"31":{"start":{"line":85,"column":8},"end":{"line":85,"column":38}},"32":{"start":{"line":86,"column":8},"end":{"line":86,"column":62}}},"fnMap":{"0":{"name":"(anonymous_0)","decl":{"start":{"line":46,"column":20},"end":{"line":46,"column":21}},"loc":{"start":{"line":46,"column":47},"end":{"line":107,"column":1}},"line":46},"1":{"name":"(anonymous_1)","decl":{"start":{"line":50,"column":25},"end":{"line":50,"column":26}},"loc":{"start":{"line":50,"column":36},"end":{"line":50,"column":53}},"line":50},"2":{"name":"(anonymous_2)","decl":{"start":{"line":54,"column":9},"end":{"line":54,"column":10}},"loc":{"start":{"line":54,"column":20},"end":{"line":54,"column":44}},"line":54},"3":{"name":"(anonymous_3)","decl":{"start":{"line":55,"column":12},"end":{"line":55,"column":13}},"loc":{"start":{"line":55,"column":20},"end":{"line":55,"column":42}},"line":55},"4":{"name":"(anonymous_4)","decl":{"start":{"line":83,"column":15},"end":{"line":83,"column":16}},"loc":{"start":{"line":83,"column":21},"end":{"line":87,"column":7}},"line":83}},"branchMap":{"0":{"loc":{"start":{"line":56,"column":17},"end":{"line":56,"column":77}},"type":"cond-expr","locations":[{"start":{"line":56,"column":36},"end":{"line":56,"column":64}},{"start":{"line":56,"column":67},"end":{"line":56,"column":77}}],"line":56},"1":{"loc":{"start":{"line":68,"column":2},"end":{"line":76,"column":3}},"type":"if","locations":[{"start":{"line":68,"column":2},"end":{"line":76,"column":3}},{"start":{"line":70,"column":9},"end":{"line":76,"column":3}}],"line":68},"2":{"loc":{"start":{"line":70,"column":9},"end":{"line":76,"column":3}},"type":"if","locations":[{"start":{"line":70,"column":9},"end":{"line":76,"column":3}},{"start":{"line":72,"column":9},"end":{"line":76,"column":3}}],"line":70},"3":{"loc":{"start":{"line":72,"column":9},"end":{"line":76,"column":3}},"type":"if","locations":[{"start":{"line":72,"column":9},"end":{"line":76,"column":3}},{"start":{"line":74,"column":9},"end":{"line":76,"column":3}}],"line":72},"4":{"loc":{"start":{"line":74,"column":9},"end":{"line":76,"column":3}},"type":"if","locations":[{"start":{"line":74,"column":9},"end":{"line":76,"column":3}},{"start":{},"end":{}}],"line":74}},"s":{"0":2,"1":2,"2":30,"3":30,"4":120,"5":30,"6":120,"7":120,"8":30,"9":30,"10":30,"11":30,"12":30,"13":30,"14":30,"15":30,"16":30,"17":30,"18":26,"19":4,"20":1,"21":3,"22":1,"23":2,"24":1,"25":30,"26":30,"27":30,"28":30,"29":30,"30":4,"31":4,"32":4},"f":{"0":30,"1":120,"2":120,"3":120,"4":4},"b":{"0":[29,1],"1":[26,4],"2":[1,3],"3":[1,2],"4":[1,1]},"_coverageSchema":"1a1c01bbd47fc00a2c39e90264f33305004495a9","hash":"ef8d36b28441b2b4f2f5ddf6b22a663ea56a853e"}
,"/Users/abhinavsunil/cse118/Assignment8/src/UI/ChannelsList.js": {"path":"/Users/abhinavsunil/cse118/Assignment8/src/UI/ChannelsList.js","statementMap":{"0":{"start":{"line":14,"column":15},"end":{"line":23,"column":2}},"1":{"start":{"line":25,"column":20},"end":{"line":40,"column":1}},"2":{"start":{"line":26,"column":21},"end":{"line":26,"column":56}},"3":{"start":{"line":27,"column":2},"end":{"line":39,"column":4}},"4":{"start":{"line":31,"column":30},"end":{"line":31,"column":37}},"5":{"start":{"line":33,"column":10},"end":{"line":35,"column":17}}},"fnMap":{"0":{"name":"(anonymous_0)","decl":{"start":{"line":25,"column":20},"end":{"line":25,"column":21}},"loc":{"start":{"line":25,"column":38},"end":{"line":40,"column":1}},"line":25},"1":{"name":"(anonymous_1)","decl":{"start":{"line":31,"column":22},"end":{"line":31,"column":23}},"loc":{"start":{"line":31,"column":30},"end":{"line":31,"column":37}},"line":31},"2":{"name":"(anonymous_2)","decl":{"start":{"line":32,"column":20},"end":{"line":32,"column":21}},"loc":{"start":{"line":33,"column":10},"end":{"line":35,"column":17}},"line":33}},"branchMap":{},"s":{"0":2,"1":2,"2":16,"3":16,"4":30,"5":30},"f":{"0":16,"1":30,"2":30},"b":{},"_coverageSchema":"1a1c01bbd47fc00a2c39e90264f33305004495a9","hash":"d96c908391d3296ccdf1af3616c25f2b3cd4dcae"}
,"/Users/abhinavsunil/cse118/Assignment8/src/UI/MessageCard.js": {"path":"/Users/abhinavsunil/cse118/Assignment8/src/UI/MessageCard.js","statementMap":{"0":{"start":{"line":13,"column":15},"end":{"line":27,"column":2}},"1":{"start":{"line":29,"column":20},"end":{"line":58,"column":1}},"2":{"start":{"line":30,"column":23},"end":{"line":30,"column":58}},"3":{"start":{"line":31,"column":24},"end":{"line":38,"column":4}},"4":{"start":{"line":40,"column":25},"end":{"line":40,"column":50}},"5":{"start":{"line":42,"column":4},"end":{"line":44,"column":38}},"6":{"start":{"line":45,"column":2},"end":{"line":57,"column":4}},"7":{"start":{"line":48,"column":8},"end":{"line":48,"column":28}},"8":{"start":{"line":49,"column":8},"end":{"line":49,"column":69}}},"fnMap":{"0":{"name":"(anonymous_0)","decl":{"start":{"line":29,"column":20},"end":{"line":29,"column":21}},"loc":{"start":{"line":29,"column":47},"end":{"line":58,"column":1}},"line":29},"1":{"name":"(anonymous_1)","decl":{"start":{"line":47,"column":15},"end":{"line":47,"column":16}},"loc":{"start":{"line":47,"column":21},"end":{"line":50,"column":7}},"line":47}},"branchMap":{},"s":{"0":2,"1":2,"2":30,"3":30,"4":30,"5":30,"6":30,"7":2,"8":2},"f":{"0":30,"1":2},"b":{},"_coverageSchema":"1a1c01bbd47fc00a2c39e90264f33305004495a9","hash":"d145b94384e99e2bf7769815b0beffd0f9fb7ddb"}
,"/Users/abhinavsunil/cse118/Assignment8/src/UI/MessageView.js": {"path":"/Users/abhinavsunil/cse118/Assignment8/src/UI/MessageView.js","statementMap":{"0":{"start":{"line":14,"column":15},"end":{"line":23,"column":2}},"1":{"start":{"line":25,"column":20},"end":{"line":32,"column":1}},"2":{"start":{"line":26,"column":20},"end":{"line":26,"column":55}},"3":{"start":{"line":27,"column":2},"end":{"line":31,"column":4}}},"fnMap":{"0":{"name":"(anonymous_0)","decl":{"start":{"line":25,"column":20},"end":{"line":25,"column":21}},"loc":{"start":{"line":25,"column":26},"end":{"line":32,"column":1}},"line":25}},"branchMap":{},"s":{"0":2,"1":2,"2":2,"3":2},"f":{"0":2},"b":{},"_coverageSchema":"1a1c01bbd47fc00a2c39e90264f33305004495a9","hash":"35f90648e006ff3a424cbe403c44fbaafbc5dc1c"}
,"/Users/abhinavsunil/cse118/Assignment8/src/UI/MessagesList.js": {"path":"/Users/abhinavsunil/cse118/Assignment8/src/UI/MessagesList.js","statementMap":{"0":{"start":{"line":16,"column":15},"end":{"line":24,"column":2}},"1":{"start":{"line":26,"column":21},"end":{"line":45,"column":1}},"2":{"start":{"line":27,"column":21},"end":{"line":27,"column":56}},"3":{"start":{"line":28,"column":18},"end":{"line":28,"column":26}},"4":{"start":{"line":29,"column":25},"end":{"line":31,"column":4}},"5":{"start":{"line":30,"column":4},"end":{"line":30,"column":51}},"6":{"start":{"line":32,"column":2},"end":{"line":44,"column":4}},"7":{"start":{"line":36,"column":30},"end":{"line":36,"column":37}},"8":{"start":{"line":38,"column":10},"end":{"line":40,"column":17}}},"fnMap":{"0":{"name":"(anonymous_0)","decl":{"start":{"line":26,"column":21},"end":{"line":26,"column":22}},"loc":{"start":{"line":26,"column":39},"end":{"line":45,"column":1}},"line":26},"1":{"name":"(anonymous_1)","decl":{"start":{"line":29,"column":38},"end":{"line":29,"column":39}},"loc":{"start":{"line":29,"column":48},"end":{"line":31,"column":3}},"line":29},"2":{"name":"(anonymous_2)","decl":{"start":{"line":36,"column":22},"end":{"line":36,"column":23}},"loc":{"start":{"line":36,"column":30},"end":{"line":36,"column":37}},"line":36},"3":{"name":"(anonymous_3)","decl":{"start":{"line":37,"column":20},"end":{"line":37,"column":21}},"loc":{"start":{"line":38,"column":10},"end":{"line":40,"column":17}},"line":38}},"branchMap":{},"s":{"0":2,"1":2,"2":6,"3":6,"4":6,"5":26,"6":6,"7":30,"8":30},"f":{"0":6,"1":26,"2":30,"3":30},"b":{},"_coverageSchema":"1a1c01bbd47fc00a2c39e90264f33305004495a9","hash":"d3cb1e630ae45b26c8dfada2c5158d128e3dd6cc"}
,"/Users/abhinavsunil/cse118/Assignment8/src/UI/SelectedMessage.js": {"path":"/Users/abhinavsunil/cse118/Assignment8/src/UI/SelectedMessage.js","statementMap":{"0":{"start":{"line":11,"column":15},"end":{"line":25,"column":2}},"1":{"start":{"line":27,"column":24},"end":{"line":50,"column":1}},"2":{"start":{"line":28,"column":24},"end":{"line":35,"column":4}},"3":{"start":{"line":37,"column":25},"end":{"line":37,"column":50}},"4":{"start":{"line":39,"column":4},"end":{"line":41,"column":38}},"5":{"start":{"line":43,"column":2},"end":{"line":49,"column":4}}},"fnMap":{"0":{"name":"(anonymous_0)","decl":{"start":{"line":27,"column":24},"end":{"line":27,"column":25}},"loc":{"start":{"line":27,"column":39},"end":{"line":50,"column":1}},"line":27}},"branchMap":{},"s":{"0":2,"1":2,"2":2,"3":2,"4":2,"5":2},"f":{"0":2},"b":{},"_coverageSchema":"1a1c01bbd47fc00a2c39e90264f33305004495a9","hash":"64858b5cd70c63637c0aef04ccee38c79609cefa"}
,"/Users/abhinavsunil/cse118/Assignment8/src/UI/WorkspaceCard.js": {"path":"/Users/abhinavsunil/cse118/Assignment8/src/UI/WorkspaceCard.js","statementMap":{"0":{"start":{"line":14,"column":15},"end":{"line":42,"column":2}},"1":{"start":{"line":44,"column":22},"end":{"line":111,"column":1}},"2":{"start":{"line":45,"column":38},"end":{"line":45,"column":73}},"3":{"start":{"line":46,"column":24},"end":{"line":50,"column":3}},"4":{"start":{"line":48,"column":6},"end":{"line":48,"column":56}},"5":{"start":{"line":48,"column":38},"end":{"line":48,"column":55}},"6":{"start":{"line":52,"column":16},"end":{"line":56,"column":3}},"7":{"start":{"line":53,"column":4},"end":{"line":55,"column":45}},"8":{"start":{"line":54,"column":22},"end":{"line":54,"column":46}},"9":{"start":{"line":55,"column":22},"end":{"line":55,"column":44}},"10":{"start":{"line":57,"column":17},"end":{"line":57,"column":77}},"11":{"start":{"line":59,"column":22},"end":{"line":59,"column":32}},"12":{"start":{"line":60,"column":21},"end":{"line":60,"column":61}},"13":{"start":{"line":61,"column":18},"end":{"line":61,"column":47}},"14":{"start":{"line":62,"column":18},"end":{"line":62,"column":42}},"15":{"start":{"line":63,"column":16},"end":{"line":63,"column":40}},"16":{"start":{"line":64,"column":15},"end":{"line":64,"column":37}},"17":{"start":{"line":66,"column":16},"end":{"line":66,"column":41}},"18":{"start":{"line":68,"column":14},"end":{"line":68,"column":16}},"19":{"start":{"line":69,"column":2},"end":{"line":77,"column":3}},"20":{"start":{"line":70,"column":4},"end":{"line":70,"column":27}},"21":{"start":{"line":71,"column":9},"end":{"line":77,"column":3}},"22":{"start":{"line":72,"column":4},"end":{"line":72,"column":29}},"23":{"start":{"line":73,"column":9},"end":{"line":77,"column":3}},"24":{"start":{"line":74,"column":4},"end":{"line":74,"column":33}},"25":{"start":{"line":75,"column":9},"end":{"line":77,"column":3}},"26":{"start":{"line":76,"column":4},"end":{"line":76,"column":33}},"27":{"start":{"line":79,"column":18},"end":{"line":79,"column":47}},"28":{"start":{"line":80,"column":18},"end":{"line":80,"column":55}},"29":{"start":{"line":81,"column":18},"end":{"line":81,"column":55}},"30":{"start":{"line":83,"column":21},"end":{"line":83,"column":39}},"31":{"start":{"line":85,"column":2},"end":{"line":110,"column":4}},"32":{"start":{"line":88,"column":8},"end":{"line":88,"column":32}},"33":{"start":{"line":89,"column":8},"end":{"line":89,"column":40}},"34":{"start":{"line":90,"column":8},"end":{"line":90,"column":66}}},"fnMap":{"0":{"name":"(anonymous_0)","decl":{"start":{"line":44,"column":22},"end":{"line":44,"column":23}},"loc":{"start":{"line":44,"column":51},"end":{"line":111,"column":1}},"line":44},"1":{"name":"(anonymous_1)","decl":{"start":{"line":47,"column":31},"end":{"line":47,"column":32}},"loc":{"start":{"line":48,"column":6},"end":{"line":48,"column":56}},"line":48},"2":{"name":"(anonymous_2)","decl":{"start":{"line":48,"column":27},"end":{"line":48,"column":28}},"loc":{"start":{"line":48,"column":38},"end":{"line":48,"column":55}},"line":48},"3":{"name":"(anonymous_3)","decl":{"start":{"line":52,"column":43},"end":{"line":52,"column":44}},"loc":{"start":{"line":53,"column":4},"end":{"line":55,"column":45}},"line":53},"4":{"name":"(anonymous_4)","decl":{"start":{"line":54,"column":11},"end":{"line":54,"column":12}},"loc":{"start":{"line":54,"column":22},"end":{"line":54,"column":46}},"line":54},"5":{"name":"(anonymous_5)","decl":{"start":{"line":55,"column":14},"end":{"line":55,"column":15}},"loc":{"start":{"line":55,"column":22},"end":{"line":55,"column":44}},"line":55},"6":{"name":"(anonymous_6)","decl":{"start":{"line":87,"column":15},"end":{"line":87,"column":16}},"loc":{"start":{"line":87,"column":21},"end":{"line":91,"column":7}},"line":87}},"branchMap":{"0":{"loc":{"start":{"line":57,"column":17},"end":{"line":57,"column":77}},"type":"cond-expr","locations":[{"start":{"line":57,"column":36},"end":{"line":57,"column":64}},{"start":{"line":57,"column":67},"end":{"line":57,"column":77}}],"line":57},"1":{"loc":{"start":{"line":69,"column":2},"end":{"line":77,"column":3}},"type":"if","locations":[{"start":{"line":69,"column":2},"end":{"line":77,"column":3}},{"start":{"line":71,"column":9},"end":{"line":77,"column":3}}],"line":69},"2":{"loc":{"start":{"line":71,"column":9},"end":{"line":77,"column":3}},"type":"if","locations":[{"start":{"line":71,"column":9},"end":{"line":77,"column":3}},{"start":{"line":73,"column":9},"end":{"line":77,"column":3}}],"line":71},"3":{"loc":{"start":{"line":73,"column":9},"end":{"line":77,"column":3}},"type":"if","locations":[{"start":{"line":73,"column":9},"end":{"line":77,"column":3}},{"start":{"line":75,"column":9},"end":{"line":77,"column":3}}],"line":73},"4":{"loc":{"start":{"line":75,"column":9},"end":{"line":77,"column":3}},"type":"if","locations":[{"start":{"line":75,"column":9},"end":{"line":77,"column":3}},{"start":{},"end":{}}],"line":75}},"s":{"0":2,"1":2,"2":690,"3":690,"4":3030,"5":7410,"6":690,"7":3030,"8":7410,"9":7410,"10":690,"11":690,"12":690,"13":690,"14":690,"15":690,"16":690,"17":690,"18":690,"19":690,"20":540,"21":150,"22":30,"23":120,"24":30,"25":90,"26":30,"27":690,"28":690,"29":690,"30":690,"31":690,"32":10,"33":10,"34":10},"f":{"0":690,"1":3030,"2":7410,"3":3030,"4":7410,"5":7410,"6":10},"b":{"0":[630,60],"1":[540,150],"2":[30,120],"3":[30,90],"4":[30,60]},"_coverageSchema":"1a1c01bbd47fc00a2c39e90264f33305004495a9","hash":"a24a76f3912b97dcd9dd66b712825ff92a6bf767"}
,"/Users/abhinavsunil/cse118/Assignment8/src/UI/WorkspaceList.js": {"path":"/Users/abhinavsunil/cse118/Assignment8/src/UI/WorkspaceList.js","statementMap":{"0":{"start":{"line":14,"column":15},"end":{"line":23,"column":2}},"1":{"start":{"line":25,"column":22},"end":{"line":41,"column":1}},"2":{"start":{"line":26,"column":23},"end":{"line":26,"column":58}},"3":{"start":{"line":27,"column":2},"end":{"line":40,"column":4}},"4":{"start":{"line":31,"column":30},"end":{"line":31,"column":37}},"5":{"start":{"line":33,"column":10},"end":{"line":35,"column":17}}},"fnMap":{"0":{"name":"(anonymous_0)","decl":{"start":{"line":25,"column":22},"end":{"line":25,"column":23}},"loc":{"start":{"line":25,"column":40},"end":{"line":41,"column":1}},"line":25},"1":{"name":"(anonymous_1)","decl":{"start":{"line":31,"column":22},"end":{"line":31,"column":23}},"loc":{"start":{"line":31,"column":30},"end":{"line":31,"column":37}},"line":31},"2":{"name":"(anonymous_2)","decl":{"start":{"line":32,"column":20},"end":{"line":32,"column":21}},"loc":{"start":{"line":33,"column":10},"end":{"line":35,"column":17}},"line":33}},"branchMap":{},"s":{"0":2,"1":2,"2":44,"3":44,"4":690,"5":690},"f":{"0":44,"1":690,"2":690},"b":{},"_coverageSchema":"1a1c01bbd47fc00a2c39e90264f33305004495a9","hash":"98ae8fc97ef441fe3ca2a6b38203eefe6df4eb6c"}
}
