TN:
SF:App.js
FN:12,(anonymous_0)
FNF:1
FNH:1
FNDA:14,(anonymous_0)
DA:12,2
DA:13,14
LF:2
LH:2
BRF:0
BRH:0
end_of_record
TN:
SF:src/Main.js
FN:26,(anonymous_0)
FN:34,(anonymous_1)
FN:129,(anonymous_2)
FN:138,(anonymous_3)
FN:147,(anonymous_4)
FNF:5
FNH:5
FNDA:44,(anonymous_0)
FNDA:14,(anonymous_1)
FNDA:20,(anonymous_2)
FNDA:7,(anonymous_3)
FNDA:2,(anonymous_4)
DA:24,2
DA:26,2
DA:27,44
DA:28,44
DA:29,44
DA:30,44
DA:31,44
DA:32,44
DA:34,44
DA:35,14
DA:40,14
DA:41,14
DA:42,14
DA:44,14
DA:45,14
DA:46,14
DA:47,14
DA:53,14
DA:59,14
DA:60,14
DA:61,14
DA:62,14
DA:68,14
DA:74,14
DA:80,14
DA:86,14
DA:105,14
DA:108,44
DA:129,20
DA:138,7
DA:147,2
LF:31
LH:31
BRF:0
BRH:0
end_of_record
TN:
SF:src/Context/WorkspacesContext.js
FNF:0
FNH:0
DA:10,2
LF:1
LH:1
BRF:0
BRH:0
end_of_record
TN:
SF:src/UI/ChannelCard.js
FN:46,(anonymous_0)
FN:50,(anonymous_1)
FN:54,(anonymous_2)
FN:55,(anonymous_3)
FN:83,(anonymous_4)
FNF:5
FNH:5
FNDA:30,(anonymous_0)
FNDA:120,(anonymous_1)
FNDA:120,(anonymous_2)
FNDA:120,(anonymous_3)
FNDA:4,(anonymous_4)
DA:16,2
DA:46,2
DA:47,30
DA:49,30
DA:50,120
DA:53,30
DA:54,120
DA:55,120
DA:56,30
DA:58,30
DA:59,30
DA:60,30
DA:61,30
DA:62,30
DA:63,30
DA:65,30
DA:67,30
DA:68,30
DA:69,26
DA:70,4
DA:71,1
DA:72,3
DA:73,1
DA:74,2
DA:75,1
DA:77,30
DA:78,30
DA:79,30
DA:80,30
DA:81,30
DA:84,4
DA:85,4
DA:86,4
LF:33
LH:33
BRDA:56,0,0,29
BRDA:56,0,1,1
BRDA:68,1,0,26
BRDA:68,1,1,4
BRDA:70,2,0,1
BRDA:70,2,1,3
BRDA:72,3,0,1
BRDA:72,3,1,2
BRDA:74,4,0,1
BRDA:74,4,1,1
BRF:10
BRH:10
end_of_record
TN:
SF:src/UI/ChannelsList.js
FN:25,(anonymous_0)
FN:31,(anonymous_1)
FN:32,(anonymous_2)
FNF:3
FNH:3
FNDA:16,(anonymous_0)
FNDA:30,(anonymous_1)
FNDA:30,(anonymous_2)
DA:14,2
DA:25,2
DA:26,16
DA:27,16
DA:31,30
DA:33,30
LF:6
LH:6
BRF:0
BRH:0
end_of_record
TN:
SF:src/UI/MessageCard.js
FN:29,(anonymous_0)
FN:47,(anonymous_1)
FNF:2
FNH:2
FNDA:30,(anonymous_0)
FNDA:2,(anonymous_1)
DA:13,2
DA:29,2
DA:30,30
DA:31,30
DA:40,30
DA:42,30
DA:45,30
DA:48,2
DA:49,2
LF:9
LH:9
BRF:0
BRH:0
end_of_record
TN:
SF:src/UI/MessageView.js
FN:25,(anonymous_0)
FNF:1
FNH:1
FNDA:2,(anonymous_0)
DA:14,2
DA:25,2
DA:26,2
DA:27,2
LF:4
LH:4
BRF:0
BRH:0
end_of_record
TN:
SF:src/UI/MessagesList.js
FN:26,(anonymous_0)
FN:29,(anonymous_1)
FN:36,(anonymous_2)
FN:37,(anonymous_3)
FNF:4
FNH:4
FNDA:6,(anonymous_0)
FNDA:26,(anonymous_1)
FNDA:30,(anonymous_2)
FNDA:30,(anonymous_3)
DA:16,2
DA:26,2
DA:27,6
DA:28,6
DA:29,6
DA:30,26
DA:32,6
DA:36,30
DA:38,30
LF:9
LH:9
BRF:0
BRH:0
end_of_record
TN:
SF:src/UI/SelectedMessage.js
FN:27,(anonymous_0)
FNF:1
FNH:1
FNDA:2,(anonymous_0)
DA:11,2
DA:27,2
DA:28,2
DA:37,2
DA:39,2
DA:43,2
LF:6
LH:6
BRF:0
BRH:0
end_of_record
TN:
SF:src/UI/WorkspaceCard.js
FN:44,(anonymous_0)
FN:47,(anonymous_1)
FN:48,(anonymous_2)
FN:52,(anonymous_3)
FN:54,(anonymous_4)
FN:55,(anonymous_5)
FN:87,(anonymous_6)
FNF:7
FNH:7
FNDA:690,(anonymous_0)
FNDA:3030,(anonymous_1)
FNDA:7410,(anonymous_2)
FNDA:3030,(anonymous_3)
FNDA:7410,(anonymous_4)
FNDA:7410,(anonymous_5)
FNDA:10,(anonymous_6)
DA:14,2
DA:44,2
DA:45,690
DA:46,690
DA:48,7410
DA:52,690
DA:53,3030
DA:54,7410
DA:55,7410
DA:57,690
DA:59,690
DA:60,690
DA:61,690
DA:62,690
DA:63,690
DA:64,690
DA:66,690
DA:68,690
DA:69,690
DA:70,540
DA:71,150
DA:72,30
DA:73,120
DA:74,30
DA:75,90
DA:76,30
DA:79,690
DA:80,690
DA:81,690
DA:83,690
DA:85,690
DA:88,10
DA:89,10
DA:90,10
LF:34
LH:34
BRDA:57,0,0,630
BRDA:57,0,1,60
BRDA:69,1,0,540
BRDA:69,1,1,150
BRDA:71,2,0,30
BRDA:71,2,1,120
BRDA:73,3,0,30
BRDA:73,3,1,90
BRDA:75,4,0,30
BRDA:75,4,1,60
BRF:10
BRH:10
end_of_record
TN:
SF:src/UI/WorkspaceList.js
FN:25,(anonymous_0)
FN:31,(anonymous_1)
FN:32,(anonymous_2)
FNF:3
FNH:3
FNDA:44,(anonymous_0)
FNDA:690,(anonymous_1)
FNDA:690,(anonymous_2)
DA:14,2
DA:25,2
DA:26,44
DA:27,44
DA:31,690
DA:33,690
LF:6
LH:6
BRF:0
BRH:0
end_of_record
