<?xml version="1.0" encoding="UTF-8"?>
<coverage generated="1685084557749" clover="3.2.0">
  <project timestamp="1685084557749" name="All files">
    <metrics statements="135" coveredstatements="135" conditionals="26" coveredconditionals="26" methods="19" coveredmethods="19" elements="180" coveredelements="180" complexity="0" loc="135" ncloc="135" packages="3" files="5" classes="5"/>
    <package name="Assignment7">
      <metrics statements="3" coveredstatements="3" conditionals="0" coveredconditionals="0" methods="1" coveredmethods="1"/>
      <file name="App.js" path="/Users/abhinavsunil/cse118/Assignment7/App.js">
        <metrics statements="3" coveredstatements="3" conditionals="0" coveredconditionals="0" methods="1" coveredmethods="1"/>
        <line num="18" count="1" type="stmt"/>
        <line num="19" count="1" type="stmt"/>
        <line num="28" count="1" type="stmt"/>
      </file>
    </package>
    <package name="Assignment7.src.Logic">
      <metrics statements="85" coveredstatements="85" conditionals="22" coveredconditionals="22" methods="2" coveredmethods="2"/>
      <file name="CalendarGenerator.js" path="/Users/abhinavsunil/cse118/Assignment7/src/Logic/CalendarGenerator.js">
        <metrics statements="51" coveredstatements="51" conditionals="12" coveredconditionals="12" methods="1" coveredmethods="1"/>
        <line num="15" count="27" type="stmt"/>
        <line num="16" count="27" type="stmt"/>
        <line num="17" count="27" type="stmt"/>
        <line num="18" count="27" type="stmt"/>
        <line num="19" count="27" type="stmt"/>
        <line num="20" count="27" type="stmt"/>
        <line num="21" count="27" type="stmt"/>
        <line num="22" count="27" type="stmt"/>
        <line num="23" count="27" type="stmt"/>
        <line num="24" count="27" type="stmt"/>
        <line num="26" count="27" type="stmt"/>
        <line num="28" count="27" type="stmt"/>
        <line num="29" count="27" type="stmt"/>
        <line num="31" count="27" type="stmt"/>
        <line num="32" count="27" type="stmt"/>
        <line num="34" count="27" type="cond" truecount="2" falsecount="0"/>
        <line num="35" count="4" type="stmt"/>
        <line num="36" count="4" type="stmt"/>
        <line num="38" count="27" type="stmt"/>
        <line num="39" count="27" type="stmt"/>
        <line num="40" count="27" type="cond" truecount="2" falsecount="0"/>
        <line num="41" count="7" type="stmt"/>
        <line num="42" count="7" type="stmt"/>
        <line num="43" count="7" type="stmt"/>
        <line num="46" count="27" type="stmt"/>
        <line num="48" count="27" type="cond" truecount="2" falsecount="0"/>
        <line num="49" count="7" type="stmt"/>
        <line num="50" count="7" type="stmt"/>
        <line num="53" count="27" type="stmt"/>
        <line num="54" count="27" type="stmt"/>
        <line num="55" count="27" type="stmt"/>
        <line num="56" count="27" type="stmt"/>
        <line num="58" count="27" type="stmt"/>
        <line num="59" count="27" type="cond" truecount="2" falsecount="0"/>
        <line num="60" count="4" type="stmt"/>
        <line num="63" count="27" type="stmt"/>
        <line num="64" count="27" type="stmt"/>
        <line num="65" count="27" type="stmt"/>
        <line num="66" count="162" type="stmt"/>
        <line num="69" count="27" type="stmt"/>
        <line num="70" count="189" type="stmt"/>
        <line num="71" count="189" type="stmt"/>
        <line num="72" count="189" type="cond" truecount="2" falsecount="0"/>
        <line num="73" count="23" type="stmt"/>
        <line num="77" count="27" type="stmt"/>
        <line num="78" count="135" type="stmt"/>
        <line num="79" count="945" type="stmt"/>
        <line num="80" count="945" type="stmt"/>
        <line num="81" count="945" type="cond" truecount="2" falsecount="0"/>
        <line num="82" count="27" type="stmt"/>
        <line num="87" count="27" type="stmt"/>
      </file>
      <file name="PostfixCalculator.js" path="/Users/abhinavsunil/cse118/Assignment7/src/Logic/PostfixCalculator.js">
        <metrics statements="34" coveredstatements="34" conditionals="10" coveredconditionals="10" methods="1" coveredmethods="1"/>
        <line num="16" count="14" type="stmt"/>
        <line num="17" count="14" type="stmt"/>
        <line num="18" count="14" type="stmt"/>
        <line num="19" count="14" type="stmt"/>
        <line num="20" count="14" type="stmt"/>
        <line num="25" count="14" type="stmt"/>
        <line num="26" count="40" type="cond" truecount="6" falsecount="0"/>
        <line num="28" count="6" type="stmt"/>
        <line num="29" count="6" type="cond" truecount="2" falsecount="0"/>
        <line num="30" count="4" type="stmt"/>
        <line num="32" count="2" type="stmt"/>
        <line num="34" count="4" type="stmt"/>
        <line num="35" count="4" type="stmt"/>
        <line num="37" count="1" type="stmt"/>
        <line num="38" count="1" type="stmt"/>
        <line num="40" count="1" type="stmt"/>
        <line num="41" count="1" type="stmt"/>
        <line num="43" count="1" type="stmt"/>
        <line num="44" count="1" type="stmt"/>
        <line num="45" count="1" type="stmt"/>
        <line num="46" count="1" type="stmt"/>
        <line num="48" count="2" type="stmt"/>
        <line num="49" count="2" type="stmt"/>
        <line num="50" count="2" type="stmt"/>
        <line num="51" count="2" type="stmt"/>
        <line num="53" count="2" type="stmt"/>
        <line num="54" count="2" type="stmt"/>
        <line num="55" count="2" type="stmt"/>
        <line num="56" count="2" type="stmt"/>
        <line num="58" count="28" type="stmt"/>
        <line num="59" count="28" type="cond" truecount="2" falsecount="0"/>
        <line num="60" count="26" type="stmt"/>
        <line num="62" count="2" type="stmt"/>
        <line num="66" count="10" type="stmt"/>
      </file>
    </package>
    <package name="Assignment7.src.UI">
      <metrics statements="47" coveredstatements="47" conditionals="4" coveredconditionals="4" methods="16" coveredmethods="16"/>
      <file name="CalendarGeneratorView.js" path="/Users/abhinavsunil/cse118/Assignment7/src/UI/CalendarGeneratorView.js">
        <metrics statements="33" coveredstatements="33" conditionals="4" coveredconditionals="4" methods="11" coveredmethods="11"/>
        <line num="13" count="1" type="stmt"/>
        <line num="14" count="46" type="stmt"/>
        <line num="15" count="46" type="stmt"/>
        <line num="17" count="46" type="stmt"/>
        <line num="18" count="23" type="stmt"/>
        <line num="19" count="23" type="stmt"/>
        <line num="20" count="966" type="stmt"/>
        <line num="22" count="23" type="stmt"/>
        <line num="25" count="46" type="stmt"/>
        <line num="26" count="8" type="stmt"/>
        <line num="27" count="8" type="stmt"/>
        <line num="29" count="8" type="cond" truecount="2" falsecount="0"/>
        <line num="30" count="1" type="stmt"/>
        <line num="31" count="1" type="stmt"/>
        <line num="33" count="8" type="stmt"/>
        <line num="34" count="8" type="stmt"/>
        <line num="37" count="46" type="stmt"/>
        <line num="38" count="10" type="stmt"/>
        <line num="39" count="10" type="stmt"/>
        <line num="41" count="10" type="cond" truecount="2" falsecount="0"/>
        <line num="42" count="2" type="stmt"/>
        <line num="43" count="2" type="stmt"/>
        <line num="45" count="10" type="stmt"/>
        <line num="46" count="10" type="stmt"/>
        <line num="49" count="46" type="stmt"/>
        <line num="50" count="1" type="stmt"/>
        <line num="53" count="46" type="stmt"/>
        <line num="54" count="23" type="stmt"/>
        <line num="57" count="46" type="stmt"/>
        <line num="76" count="10" type="stmt"/>
        <line num="81" count="1" type="stmt"/>
        <line num="83" count="8" type="stmt"/>
        <line num="89" count="1" type="stmt"/>
      </file>
      <file name="PostfixCalculatorView.js" path="/Users/abhinavsunil/cse118/Assignment7/src/UI/PostfixCalculatorView.js">
        <metrics statements="14" coveredstatements="14" conditionals="0" coveredconditionals="0" methods="5" coveredmethods="5"/>
        <line num="13" count="2" type="stmt"/>
        <line num="14" count="14" type="stmt"/>
        <line num="15" count="14" type="stmt"/>
        <line num="17" count="14" type="stmt"/>
        <line num="18" count="4" type="stmt"/>
        <line num="19" count="4" type="stmt"/>
        <line num="21" count="2" type="stmt"/>
        <line num="25" count="14" type="stmt"/>
        <line num="26" count="1" type="stmt"/>
        <line num="27" count="1" type="stmt"/>
        <line num="30" count="14" type="stmt"/>
        <line num="53" count="4" type="stmt"/>
        <line num="58" count="1" type="stmt"/>
        <line num="65" count="2" type="stmt"/>
      </file>
    </package>
  </project>
</coverage>
