{"/Users/abhinavsunil/cse118/Assignment7/App.js": {"path":"/Users/abhinavsunil/cse118/Assignment7/App.js","statementMap":{"0":{"start":{"line":18,"column":12},"end":{"line":26,"column":1}},"1":{"start":{"line":19,"column":2},"end":{"line":25,"column":4}},"2":{"start":{"line":28,"column":15},"end":{"line":33,"column":2}}},"fnMap":{"0":{"name":"(anonymous_0)","decl":{"start":{"line":18,"column":12},"end":{"line":18,"column":13}},"loc":{"start":{"line":18,"column":18},"end":{"line":26,"column":1}},"line":18}},"branchMap":{},"s":{"0":1,"1":1,"2":1},"f":{"0":1},"b":{},"_coverageSchema":"1a1c01bbd47fc00a2c39e90264f33305004495a9","hash":"125b0c3155c04fb5bc2b487bde571cfd282a5449"}
,"/Users/abhinavsunil/cse118/Assignment7/src/Logic/CalendarGenerator.js": {"path":"/Users/abhinavsunil/cse118/Assignment7/src/Logic/CalendarGenerator.js","statementMap":{"0":{"start":{"line":15,"column":4},"end":{"line":15,"column":24}},"1":{"start":{"line":16,"column":14},"end":{"line":16,"column":16}},"2":{"start":{"line":17,"column":16},"end":{"line":17,"column":31}},"3":{"start":{"line":18,"column":4},"end":{"line":18,"column":25}},"4":{"start":{"line":19,"column":4},"end":{"line":19,"column":23}},"5":{"start":{"line":20,"column":17},"end":{"line":20,"column":26}},"6":{"start":{"line":21,"column":15},"end":{"line":21,"column":33}},"7":{"start":{"line":22,"column":4},"end":{"line":22,"column":24}},"8":{"start":{"line":23,"column":4},"end":{"line":23,"column":22}},"9":{"start":{"line":24,"column":19},"end":{"line":24,"column":43}},"10":{"start":{"line":26,"column":17},"end":{"line":26,"column":34}},"11":{"start":{"line":28,"column":4},"end":{"line":28,"column":35}},"12":{"start":{"line":29,"column":4},"end":{"line":29,"column":24}},"13":{"start":{"line":31,"column":19},"end":{"line":31,"column":23}},"14":{"start":{"line":32,"column":20},"end":{"line":32,"column":39}},"15":{"start":{"line":34,"column":4},"end":{"line":37,"column":5}},"16":{"start":{"line":35,"column":6},"end":{"line":35,"column":17}},"17":{"start":{"line":36,"column":6},"end":{"line":36,"column":22}},"18":{"start":{"line":38,"column":15},"end":{"line":38,"column":40}},"19":{"start":{"line":39,"column":15},"end":{"line":39,"column":29}},"20":{"start":{"line":40,"column":4},"end":{"line":44,"column":5}},"21":{"start":{"line":41,"column":6},"end":{"line":41,"column":21}},"22":{"start":{"line":42,"column":6},"end":{"line":42,"column":26}},"23":{"start":{"line":43,"column":6},"end":{"line":43,"column":25}},"24":{"start":{"line":46,"column":18},"end":{"line":46,"column":31}},"25":{"start":{"line":48,"column":4},"end":{"line":51,"column":5}},"26":{"start":{"line":49,"column":6},"end":{"line":49,"column":18}},"27":{"start":{"line":50,"column":6},"end":{"line":50,"column":30}},"28":{"start":{"line":53,"column":19},"end":{"line":53,"column":49}},"29":{"start":{"line":54,"column":19},"end":{"line":54,"column":37}},"30":{"start":{"line":55,"column":4},"end":{"line":55,"column":28}},"31":{"start":{"line":56,"column":4},"end":{"line":56,"column":26}},"32":{"start":{"line":58,"column":18},"end":{"line":58,"column":39}},"33":{"start":{"line":59,"column":4},"end":{"line":61,"column":5}},"34":{"start":{"line":60,"column":6},"end":{"line":60,"column":18}},"35":{"start":{"line":63,"column":4},"end":{"line":63,"column":27}},"36":{"start":{"line":64,"column":4},"end":{"line":64,"column":25}},"37":{"start":{"line":65,"column":4},"end":{"line":67,"column":5}},"38":{"start":{"line":65,"column":17},"end":{"line":65,"column":18}},"39":{"start":{"line":66,"column":6},"end":{"line":66,"column":18}},"40":{"start":{"line":69,"column":4},"end":{"line":75,"column":5}},"41":{"start":{"line":69,"column":17},"end":{"line":69,"column":18}},"42":{"start":{"line":70,"column":6},"end":{"line":70,"column":26}},"43":{"start":{"line":71,"column":6},"end":{"line":71,"column":19}},"44":{"start":{"line":72,"column":6},"end":{"line":74,"column":7}},"45":{"start":{"line":73,"column":8},"end":{"line":73,"column":20}},"46":{"start":{"line":77,"column":4},"end":{"line":85,"column":5}},"47":{"start":{"line":77,"column":17},"end":{"line":77,"column":18}},"48":{"start":{"line":78,"column":6},"end":{"line":84,"column":7}},"49":{"start":{"line":78,"column":19},"end":{"line":78,"column":20}},"50":{"start":{"line":79,"column":8},"end":{"line":79,"column":28}},"51":{"start":{"line":80,"column":8},"end":{"line":80,"column":21}},"52":{"start":{"line":81,"column":8},"end":{"line":83,"column":9}},"53":{"start":{"line":82,"column":10},"end":{"line":82,"column":22}},"54":{"start":{"line":87,"column":4},"end":{"line":87,"column":15}}},"fnMap":{"0":{"name":"(anonymous_0)","decl":{"start":{"line":14,"column":2},"end":{"line":14,"column":3}},"loc":{"start":{"line":14,"column":24},"end":{"line":88,"column":3}},"line":14}},"branchMap":{"0":{"loc":{"start":{"line":34,"column":4},"end":{"line":37,"column":5}},"type":"if","locations":[{"start":{"line":34,"column":4},"end":{"line":37,"column":5}},{"start":{},"end":{}}],"line":34},"1":{"loc":{"start":{"line":40,"column":4},"end":{"line":44,"column":5}},"type":"if","locations":[{"start":{"line":40,"column":4},"end":{"line":44,"column":5}},{"start":{},"end":{}}],"line":40},"2":{"loc":{"start":{"line":48,"column":4},"end":{"line":51,"column":5}},"type":"if","locations":[{"start":{"line":48,"column":4},"end":{"line":51,"column":5}},{"start":{},"end":{}}],"line":48},"3":{"loc":{"start":{"line":59,"column":4},"end":{"line":61,"column":5}},"type":"if","locations":[{"start":{"line":59,"column":4},"end":{"line":61,"column":5}},{"start":{},"end":{}}],"line":59},"4":{"loc":{"start":{"line":72,"column":6},"end":{"line":74,"column":7}},"type":"if","locations":[{"start":{"line":72,"column":6},"end":{"line":74,"column":7}},{"start":{},"end":{}}],"line":72},"5":{"loc":{"start":{"line":81,"column":8},"end":{"line":83,"column":9}},"type":"if","locations":[{"start":{"line":81,"column":8},"end":{"line":83,"column":9}},{"start":{},"end":{}}],"line":81}},"s":{"0":27,"1":27,"2":27,"3":27,"4":27,"5":27,"6":27,"7":27,"8":27,"9":27,"10":27,"11":27,"12":27,"13":27,"14":27,"15":27,"16":4,"17":4,"18":27,"19":27,"20":27,"21":7,"22":7,"23":7,"24":27,"25":27,"26":7,"27":7,"28":27,"29":27,"30":27,"31":27,"32":27,"33":27,"34":4,"35":27,"36":27,"37":27,"38":27,"39":162,"40":27,"41":27,"42":189,"43":189,"44":189,"45":23,"46":27,"47":27,"48":135,"49":135,"50":945,"51":945,"52":945,"53":27,"54":27},"f":{"0":27},"b":{"0":[4,23],"1":[7,20],"2":[7,20],"3":[4,23],"4":[23,166],"5":[27,918]},"_coverageSchema":"1a1c01bbd47fc00a2c39e90264f33305004495a9","hash":"544dee7949bec51891b4bb32e72ef8d96d1b4619"}
,"/Users/abhinavsunil/cse118/Assignment7/src/Logic/PostfixCalculator.js": {"path":"/Users/abhinavsunil/cse118/Assignment7/src/Logic/PostfixCalculator.js","statementMap":{"0":{"start":{"line":16,"column":16},"end":{"line":16,"column":67}},"1":{"start":{"line":17,"column":4},"end":{"line":17,"column":23}},"2":{"start":{"line":18,"column":14},"end":{"line":18,"column":16}},"3":{"start":{"line":19,"column":12},"end":{"line":19,"column":15}},"4":{"start":{"line":20,"column":12},"end":{"line":20,"column":15}},"5":{"start":{"line":25,"column":4},"end":{"line":65,"column":5}},"6":{"start":{"line":26,"column":6},"end":{"line":64,"column":7}},"7":{"start":{"line":28,"column":10},"end":{"line":28,"column":26}},"8":{"start":{"line":29,"column":10},"end":{"line":33,"column":11}},"9":{"start":{"line":30,"column":12},"end":{"line":30,"column":28}},"10":{"start":{"line":32,"column":12},"end":{"line":32,"column":39}},"11":{"start":{"line":34,"column":10},"end":{"line":34,"column":29}},"12":{"start":{"line":35,"column":10},"end":{"line":35,"column":16}},"13":{"start":{"line":37,"column":10},"end":{"line":37,"column":26}},"14":{"start":{"line":38,"column":10},"end":{"line":38,"column":26}},"15":{"start":{"line":40,"column":10},"end":{"line":40,"column":29}},"16":{"start":{"line":41,"column":10},"end":{"line":41,"column":16}},"17":{"start":{"line":43,"column":10},"end":{"line":43,"column":26}},"18":{"start":{"line":44,"column":10},"end":{"line":44,"column":26}},"19":{"start":{"line":45,"column":10},"end":{"line":45,"column":29}},"20":{"start":{"line":46,"column":10},"end":{"line":46,"column":16}},"21":{"start":{"line":48,"column":10},"end":{"line":48,"column":26}},"22":{"start":{"line":49,"column":10},"end":{"line":49,"column":26}},"23":{"start":{"line":50,"column":10},"end":{"line":50,"column":29}},"24":{"start":{"line":51,"column":10},"end":{"line":51,"column":16}},"25":{"start":{"line":53,"column":10},"end":{"line":53,"column":26}},"26":{"start":{"line":54,"column":10},"end":{"line":54,"column":26}},"27":{"start":{"line":55,"column":10},"end":{"line":55,"column":38}},"28":{"start":{"line":56,"column":10},"end":{"line":56,"column":16}},"29":{"start":{"line":58,"column":22},"end":{"line":58,"column":35}},"30":{"start":{"line":59,"column":10},"end":{"line":63,"column":11}},"31":{"start":{"line":60,"column":12},"end":{"line":60,"column":31}},"32":{"start":{"line":62,"column":12},"end":{"line":62,"column":37}},"33":{"start":{"line":66,"column":4},"end":{"line":66,"column":18}}},"fnMap":{"0":{"name":"(anonymous_0)","decl":{"start":{"line":15,"column":2},"end":{"line":15,"column":3}},"loc":{"start":{"line":15,"column":30},"end":{"line":67,"column":3}},"line":15}},"branchMap":{"0":{"loc":{"start":{"line":26,"column":6},"end":{"line":64,"column":7}},"type":"switch","locations":[{"start":{"line":27,"column":8},"end":{"line":35,"column":16}},{"start":{"line":36,"column":8},"end":{"line":41,"column":16}},{"start":{"line":42,"column":8},"end":{"line":46,"column":16}},{"start":{"line":47,"column":8},"end":{"line":51,"column":16}},{"start":{"line":52,"column":8},"end":{"line":56,"column":16}},{"start":{"line":57,"column":8},"end":{"line":63,"column":11}}],"line":26},"1":{"loc":{"start":{"line":29,"column":10},"end":{"line":33,"column":11}},"type":"if","locations":[{"start":{"line":29,"column":10},"end":{"line":33,"column":11}},{"start":{"line":31,"column":17},"end":{"line":33,"column":11}}],"line":29},"2":{"loc":{"start":{"line":59,"column":10},"end":{"line":63,"column":11}},"type":"if","locations":[{"start":{"line":59,"column":10},"end":{"line":63,"column":11}},{"start":{"line":61,"column":17},"end":{"line":63,"column":11}}],"line":59}},"s":{"0":14,"1":14,"2":14,"3":14,"4":14,"5":14,"6":40,"7":6,"8":6,"9":4,"10":2,"11":4,"12":4,"13":1,"14":1,"15":1,"16":1,"17":1,"18":1,"19":1,"20":1,"21":2,"22":2,"23":2,"24":2,"25":2,"26":2,"27":2,"28":2,"29":28,"30":28,"31":26,"32":2,"33":10},"f":{"0":14},"b":{"0":[6,1,1,2,2,28],"1":[4,2],"2":[26,2]},"_coverageSchema":"1a1c01bbd47fc00a2c39e90264f33305004495a9","hash":"6cffb595b0b58c755f6b62e845e280c99c33ff76"}
,"/Users/abhinavsunil/cse118/Assignment7/src/UI/CalendarGeneratorView.js": {"path":"/Users/abhinavsunil/cse118/Assignment7/src/UI/CalendarGeneratorView.js","statementMap":{"0":{"start":{"line":13,"column":30},"end":{"line":87,"column":1}},"1":{"start":{"line":14,"column":24},"end":{"line":14,"column":42}},"2":{"start":{"line":15,"column":26},"end":{"line":15,"column":52}},"3":{"start":{"line":17,"column":19},"end":{"line":23,"column":12}},"4":{"start":{"line":18,"column":14},"end":{"line":18,"column":46}},"5":{"start":{"line":19,"column":16},"end":{"line":21,"column":17}},"6":{"start":{"line":20,"column":18},"end":{"line":20,"column":78}},"7":{"start":{"line":20,"column":36},"end":{"line":20,"column":67}},"8":{"start":{"line":22,"column":4},"end":{"line":22,"column":18}},"9":{"start":{"line":25,"column":15},"end":{"line":35,"column":3}},"10":{"start":{"line":26,"column":16},"end":{"line":26,"column":35}},"11":{"start":{"line":27,"column":15},"end":{"line":27,"column":33}},"12":{"start":{"line":29,"column":4},"end":{"line":32,"column":5}},"13":{"start":{"line":30,"column":6},"end":{"line":30,"column":16}},"14":{"start":{"line":31,"column":6},"end":{"line":31,"column":22}},"15":{"start":{"line":33,"column":20},"end":{"line":33,"column":44}},"16":{"start":{"line":34,"column":4},"end":{"line":34,"column":23}},"17":{"start":{"line":37,"column":15},"end":{"line":47,"column":3}},"18":{"start":{"line":38,"column":16},"end":{"line":38,"column":35}},"19":{"start":{"line":39,"column":15},"end":{"line":39,"column":33}},"20":{"start":{"line":41,"column":4},"end":{"line":44,"column":5}},"21":{"start":{"line":42,"column":6},"end":{"line":42,"column":17}},"22":{"start":{"line":43,"column":6},"end":{"line":43,"column":22}},"23":{"start":{"line":45,"column":20},"end":{"line":45,"column":44}},"24":{"start":{"line":46,"column":4},"end":{"line":46,"column":23}},"25":{"start":{"line":49,"column":16},"end":{"line":51,"column":3}},"26":{"start":{"line":50,"column":4},"end":{"line":50,"column":24}},"27":{"start":{"line":53,"column":2},"end":{"line":55,"column":23}},"28":{"start":{"line":54,"column":4},"end":{"line":54,"column":15}},"29":{"start":{"line":57,"column":2},"end":{"line":86,"column":4}},"30":{"start":{"line":76,"column":25},"end":{"line":76,"column":31}},"31":{"start":{"line":81,"column":25},"end":{"line":81,"column":32}},"32":{"start":{"line":83,"column":70},"end":{"line":83,"column":76}},"33":{"start":{"line":89,"column":15},"end":{"line":124,"column":2}}},"fnMap":{"0":{"name":"(anonymous_0)","decl":{"start":{"line":13,"column":30},"end":{"line":13,"column":31}},"loc":{"start":{"line":13,"column":36},"end":{"line":87,"column":1}},"line":13},"1":{"name":"(anonymous_1)","decl":{"start":{"line":17,"column":37},"end":{"line":17,"column":38}},"loc":{"start":{"line":17,"column":43},"end":{"line":23,"column":3}},"line":17},"2":{"name":"(anonymous_2)","decl":{"start":{"line":20,"column":11},"end":{"line":20,"column":12}},"loc":{"start":{"line":20,"column":18},"end":{"line":20,"column":78}},"line":20},"3":{"name":"(anonymous_3)","decl":{"start":{"line":20,"column":26},"end":{"line":20,"column":27}},"loc":{"start":{"line":20,"column":36},"end":{"line":20,"column":67}},"line":20},"4":{"name":"(anonymous_4)","decl":{"start":{"line":25,"column":15},"end":{"line":25,"column":16}},"loc":{"start":{"line":25,"column":21},"end":{"line":35,"column":3}},"line":25},"5":{"name":"(anonymous_5)","decl":{"start":{"line":37,"column":15},"end":{"line":37,"column":16}},"loc":{"start":{"line":37,"column":21},"end":{"line":47,"column":3}},"line":37},"6":{"name":"(anonymous_6)","decl":{"start":{"line":49,"column":16},"end":{"line":49,"column":17}},"loc":{"start":{"line":49,"column":22},"end":{"line":51,"column":3}},"line":49},"7":{"name":"(anonymous_7)","decl":{"start":{"line":53,"column":18},"end":{"line":53,"column":19}},"loc":{"start":{"line":53,"column":24},"end":{"line":55,"column":3}},"line":53},"8":{"name":"(anonymous_8)","decl":{"start":{"line":76,"column":19},"end":{"line":76,"column":20}},"loc":{"start":{"line":76,"column":25},"end":{"line":76,"column":31}},"line":76},"9":{"name":"(anonymous_9)","decl":{"start":{"line":81,"column":19},"end":{"line":81,"column":20}},"loc":{"start":{"line":81,"column":25},"end":{"line":81,"column":32}},"line":81},"10":{"name":"(anonymous_10)","decl":{"start":{"line":83,"column":64},"end":{"line":83,"column":65}},"loc":{"start":{"line":83,"column":70},"end":{"line":83,"column":76}},"line":83}},"branchMap":{"0":{"loc":{"start":{"line":29,"column":4},"end":{"line":32,"column":5}},"type":"if","locations":[{"start":{"line":29,"column":4},"end":{"line":32,"column":5}},{"start":{},"end":{}}],"line":29},"1":{"loc":{"start":{"line":41,"column":4},"end":{"line":44,"column":5}},"type":"if","locations":[{"start":{"line":41,"column":4},"end":{"line":44,"column":5}},{"start":{},"end":{}}],"line":41}},"s":{"0":1,"1":46,"2":46,"3":46,"4":23,"5":23,"6":138,"7":966,"8":23,"9":46,"10":8,"11":8,"12":8,"13":1,"14":1,"15":8,"16":8,"17":46,"18":10,"19":10,"20":10,"21":2,"22":2,"23":10,"24":10,"25":46,"26":1,"27":46,"28":23,"29":46,"30":10,"31":1,"32":8,"33":1},"f":{"0":46,"1":23,"2":138,"3":966,"4":8,"5":10,"6":1,"7":23,"8":10,"9":1,"10":8},"b":{"0":[1,7],"1":[2,8]},"_coverageSchema":"1a1c01bbd47fc00a2c39e90264f33305004495a9","hash":"9581edeb1e8d9df4b37336c7b2a9c92314150b90"}
,"/Users/abhinavsunil/cse118/Assignment7/src/UI/PostfixCalculatorView.js": {"path":"/Users/abhinavsunil/cse118/Assignment7/src/UI/PostfixCalculatorView.js","statementMap":{"0":{"start":{"line":13,"column":30},"end":{"line":63,"column":1}},"1":{"start":{"line":14,"column":38},"end":{"line":14,"column":56}},"2":{"start":{"line":15,"column":30},"end":{"line":15,"column":48}},"3":{"start":{"line":17,"column":19},"end":{"line":23,"column":3}},"4":{"start":{"line":18,"column":4},"end":{"line":22,"column":5}},"5":{"start":{"line":19,"column":6},"end":{"line":19,"column":61}},"6":{"start":{"line":21,"column":6},"end":{"line":21,"column":19}},"7":{"start":{"line":25,"column":16},"end":{"line":28,"column":3}},"8":{"start":{"line":26,"column":4},"end":{"line":26,"column":22}},"9":{"start":{"line":27,"column":4},"end":{"line":27,"column":18}},"10":{"start":{"line":30,"column":2},"end":{"line":62,"column":4}},"11":{"start":{"line":53,"column":25},"end":{"line":53,"column":35}},"12":{"start":{"line":58,"column":25},"end":{"line":58,"column":32}},"13":{"start":{"line":65,"column":15},"end":{"line":95,"column":2}}},"fnMap":{"0":{"name":"(anonymous_0)","decl":{"start":{"line":13,"column":30},"end":{"line":13,"column":31}},"loc":{"start":{"line":13,"column":36},"end":{"line":63,"column":1}},"line":13},"1":{"name":"(anonymous_1)","decl":{"start":{"line":17,"column":19},"end":{"line":17,"column":20}},"loc":{"start":{"line":17,"column":25},"end":{"line":23,"column":3}},"line":17},"2":{"name":"(anonymous_2)","decl":{"start":{"line":25,"column":16},"end":{"line":25,"column":17}},"loc":{"start":{"line":25,"column":22},"end":{"line":28,"column":3}},"line":25},"3":{"name":"(anonymous_3)","decl":{"start":{"line":53,"column":19},"end":{"line":53,"column":20}},"loc":{"start":{"line":53,"column":25},"end":{"line":53,"column":35}},"line":53},"4":{"name":"(anonymous_4)","decl":{"start":{"line":58,"column":19},"end":{"line":58,"column":20}},"loc":{"start":{"line":58,"column":25},"end":{"line":58,"column":32}},"line":58}},"branchMap":{},"s":{"0":2,"1":14,"2":14,"3":14,"4":4,"5":4,"6":2,"7":14,"8":1,"9":1,"10":14,"11":4,"12":1,"13":2},"f":{"0":14,"1":4,"2":1,"3":4,"4":1},"b":{},"_coverageSchema":"1a1c01bbd47fc00a2c39e90264f33305004495a9","hash":"7b424f3a56d93363ef317269e7d37ffe3a2e179d"}
}
