TN:
SF:App.js
FN:18,(anonymous_0)
FNF:1
FNH:1
FNDA:1,(anonymous_0)
DA:18,1
DA:19,1
DA:28,1
LF:3
LH:3
BRF:0
BRH:0
end_of_record
TN:
SF:src/Logic/CalendarGenerator.js
FN:14,(anonymous_0)
FNF:1
FNH:1
FNDA:27,(anonymous_0)
DA:15,27
DA:16,27
DA:17,27
DA:18,27
DA:19,27
DA:20,27
DA:21,27
DA:22,27
DA:23,27
DA:24,27
DA:26,27
DA:28,27
DA:29,27
DA:31,27
DA:32,27
DA:34,27
DA:35,4
DA:36,4
DA:38,27
DA:39,27
DA:40,27
DA:41,7
DA:42,7
DA:43,7
DA:46,27
DA:48,27
DA:49,7
DA:50,7
DA:53,27
DA:54,27
DA:55,27
DA:56,27
DA:58,27
DA:59,27
DA:60,4
DA:63,27
DA:64,27
DA:65,27
DA:66,162
DA:69,27
DA:70,189
DA:71,189
DA:72,189
DA:73,23
DA:77,27
DA:78,135
DA:79,945
DA:80,945
DA:81,945
DA:82,27
DA:87,27
LF:51
LH:51
BRDA:34,0,0,4
BRDA:34,0,1,23
BRDA:40,1,0,7
BRDA:40,1,1,20
BRDA:48,2,0,7
BRDA:48,2,1,20
BRDA:59,3,0,4
BRDA:59,3,1,23
BRDA:72,4,0,23
BRDA:72,4,1,166
BRDA:81,5,0,27
BRDA:81,5,1,918
BRF:12
BRH:12
end_of_record
TN:
SF:src/Logic/PostfixCalculator.js
FN:15,(anonymous_0)
FNF:1
FNH:1
FNDA:14,(anonymous_0)
DA:16,14
DA:17,14
DA:18,14
DA:19,14
DA:20,14
DA:25,14
DA:26,40
DA:28,6
DA:29,6
DA:30,4
DA:32,2
DA:34,4
DA:35,4
DA:37,1
DA:38,1
DA:40,1
DA:41,1
DA:43,1
DA:44,1
DA:45,1
DA:46,1
DA:48,2
DA:49,2
DA:50,2
DA:51,2
DA:53,2
DA:54,2
DA:55,2
DA:56,2
DA:58,28
DA:59,28
DA:60,26
DA:62,2
DA:66,10
LF:34
LH:34
BRDA:26,0,0,6
BRDA:26,0,1,1
BRDA:26,0,2,1
BRDA:26,0,3,2
BRDA:26,0,4,2
BRDA:26,0,5,28
BRDA:29,1,0,4
BRDA:29,1,1,2
BRDA:59,2,0,26
BRDA:59,2,1,2
BRF:10
BRH:10
end_of_record
TN:
SF:src/UI/CalendarGeneratorView.js
FN:13,(anonymous_0)
FN:17,(anonymous_1)
FN:20,(anonymous_2)
FN:20,(anonymous_3)
FN:25,(anonymous_4)
FN:37,(anonymous_5)
FN:49,(anonymous_6)
FN:53,(anonymous_7)
FN:76,(anonymous_8)
FN:81,(anonymous_9)
FN:83,(anonymous_10)
FNF:11
FNH:11
FNDA:46,(anonymous_0)
FNDA:23,(anonymous_1)
FNDA:138,(anonymous_2)
FNDA:966,(anonymous_3)
FNDA:8,(anonymous_4)
FNDA:10,(anonymous_5)
FNDA:1,(anonymous_6)
FNDA:23,(anonymous_7)
FNDA:10,(anonymous_8)
FNDA:1,(anonymous_9)
FNDA:8,(anonymous_10)
DA:13,1
DA:14,46
DA:15,46
DA:17,46
DA:18,23
DA:19,23
DA:20,966
DA:22,23
DA:25,46
DA:26,8
DA:27,8
DA:29,8
DA:30,1
DA:31,1
DA:33,8
DA:34,8
DA:37,46
DA:38,10
DA:39,10
DA:41,10
DA:42,2
DA:43,2
DA:45,10
DA:46,10
DA:49,46
DA:50,1
DA:53,46
DA:54,23
DA:57,46
DA:76,10
DA:81,1
DA:83,8
DA:89,1
LF:33
LH:33
BRDA:29,0,0,1
BRDA:29,0,1,7
BRDA:41,1,0,2
BRDA:41,1,1,8
BRF:4
BRH:4
end_of_record
TN:
SF:src/UI/PostfixCalculatorView.js
FN:13,(anonymous_0)
FN:17,(anonymous_1)
FN:25,(anonymous_2)
FN:53,(anonymous_3)
FN:58,(anonymous_4)
FNF:5
FNH:5
FNDA:14,(anonymous_0)
FNDA:4,(anonymous_1)
FNDA:1,(anonymous_2)
FNDA:4,(anonymous_3)
FNDA:1,(anonymous_4)
DA:13,2
DA:14,14
DA:15,14
DA:17,14
DA:18,4
DA:19,4
DA:21,2
DA:25,14
DA:26,1
DA:27,1
DA:30,14
DA:53,4
DA:58,1
DA:65,2
LF:14
LH:14
BRF:0
BRH:0
end_of_record
